[0.152s] DEBUG:colcon:Command line arguments: ['/usr/bin/colcon', 'build', '--packages-select', 'odrive_can']
[0.152s] DEBUG:colcon:Parsed command line arguments: Namespace(log_base=None, log_level=None, verb_name='build', build_base='build', install_base='install', merge_install=False, symlink_install=False, test_result_base=None, continue_on_error=False, executor='parallel', parallel_workers=4, event_handlers=None, ignore_user_meta=False, metas=['./colcon.meta'], base_paths=['.'], packages_ignore=None, packages_ignore_regex=None, paths=None, packages_up_to=None, packages_up_to_regex=None, packages_above=None, packages_above_and_dependencies=None, packages_above_depth=None, packages_select_by_dep=None, packages_skip_by_dep=None, packages_skip_up_to=None, packages_select_build_failed=False, packages_skip_build_finished=False, packages_select_test_failures=False, packages_skip_test_passed=False, packages_select=['odrive_can'], packages_skip=None, packages_select_regex=None, packages_skip_regex=None, packages_start=None, packages_end=None, allow_overriding=[], cmake_args=None, cmake_target=None, cmake_target_skip_unavailable=False, cmake_clean_cache=False, cmake_clean_first=False, cmake_force_configure=False, ament_cmake_args=None, catkin_cmake_args=None, catkin_skip_building_tests=False, mixin_files=None, mixin=None, verb_parser=<colcon_mixin.mixin.mixin_argument.MixinArgumentDecorator object at 0xffffa159c440>, verb_extension=<colcon_core.verb.build.BuildVerb object at 0xffffa17582c0>, main=<bound method BuildVerb.main of <colcon_core.verb.build.BuildVerb object at 0xffffa17582c0>>, mixin_verb=('build',))
[0.218s] Level 1:colcon.colcon_core.package_discovery:discover_packages(colcon_meta) check parameters
[0.218s] Level 1:colcon.colcon_core.package_discovery:discover_packages(recursive) check parameters
[0.218s] Level 1:colcon.colcon_core.package_discovery:discover_packages(ignore) check parameters
[0.218s] Level 1:colcon.colcon_core.package_discovery:discover_packages(path) check parameters
[0.218s] Level 1:colcon.colcon_core.package_discovery:discover_packages(colcon_meta) discover
[0.218s] Level 1:colcon.colcon_core.package_discovery:discover_packages(recursive) discover
[0.218s] INFO:colcon.colcon_core.package_discovery:Crawling recursively for packages in '/home/pneumatic8/Documents/ros2_odrive'
[0.218s] Level 1:colcon.colcon_core.package_identification:_identify(.) by extensions ['ignore', 'ignore_ament_install']
[0.219s] Level 1:colcon.colcon_core.package_identification:_identify(.) by extension 'ignore'
[0.219s] Level 1:colcon.colcon_core.package_identification:_identify(.) by extension 'ignore_ament_install'
[0.219s] Level 1:colcon.colcon_core.package_identification:_identify(.) by extensions ['colcon_pkg']
[0.219s] Level 1:colcon.colcon_core.package_identification:_identify(.) by extension 'colcon_pkg'
[0.219s] Level 1:colcon.colcon_core.package_identification:_identify(.) by extensions ['colcon_meta']
[0.219s] Level 1:colcon.colcon_core.package_identification:_identify(.) by extension 'colcon_meta'
[0.219s] Level 1:colcon.colcon_core.package_identification:_identify(.) by extensions ['ros']
[0.219s] Level 1:colcon.colcon_core.package_identification:_identify(.) by extension 'ros'
[0.259s] Level 1:colcon.colcon_core.package_identification:_identify(.) by extensions ['cmake', 'python']
[0.259s] Level 1:colcon.colcon_core.package_identification:_identify(.) by extension 'cmake'
[0.259s] Level 1:colcon.colcon_core.package_identification:_identify(.) by extension 'python'
[0.259s] Level 1:colcon.colcon_core.package_identification:_identify(.) by extensions ['python_setup_py']
[0.259s] Level 1:colcon.colcon_core.package_identification:_identify(.) by extension 'python_setup_py'
[0.260s] Level 1:colcon.colcon_core.package_identification:_identify(build) by extensions ['ignore', 'ignore_ament_install']
[0.260s] Level 1:colcon.colcon_core.package_identification:_identify(build) by extension 'ignore'
[0.260s] Level 1:colcon.colcon_core.package_identification:_identify(build) ignored
[0.260s] Level 1:colcon.colcon_core.package_identification:_identify(install) by extensions ['ignore', 'ignore_ament_install']
[0.260s] Level 1:colcon.colcon_core.package_identification:_identify(install) by extension 'ignore'
[0.260s] Level 1:colcon.colcon_core.package_identification:_identify(install) ignored
[0.260s] Level 1:colcon.colcon_core.package_identification:_identify(log) by extensions ['ignore', 'ignore_ament_install']
[0.260s] Level 1:colcon.colcon_core.package_identification:_identify(log) by extension 'ignore'
[0.261s] Level 1:colcon.colcon_core.package_identification:_identify(log) ignored
[0.261s] Level 1:colcon.colcon_core.package_identification:_identify(src) by extensions ['ignore', 'ignore_ament_install']
[0.261s] Level 1:colcon.colcon_core.package_identification:_identify(src) by extension 'ignore'
[0.261s] Level 1:colcon.colcon_core.package_identification:_identify(src) by extension 'ignore_ament_install'
[0.261s] Level 1:colcon.colcon_core.package_identification:_identify(src) by extensions ['colcon_pkg']
[0.261s] Level 1:colcon.colcon_core.package_identification:_identify(src) by extension 'colcon_pkg'
[0.261s] Level 1:colcon.colcon_core.package_identification:_identify(src) by extensions ['colcon_meta']
[0.261s] Level 1:colcon.colcon_core.package_identification:_identify(src) by extension 'colcon_meta'
[0.261s] Level 1:colcon.colcon_core.package_identification:_identify(src) by extensions ['ros']
[0.261s] Level 1:colcon.colcon_core.package_identification:_identify(src) by extension 'ros'
[0.261s] Level 1:colcon.colcon_core.package_identification:_identify(src) by extensions ['cmake', 'python']
[0.261s] Level 1:colcon.colcon_core.package_identification:_identify(src) by extension 'cmake'
[0.261s] Level 1:colcon.colcon_core.package_identification:_identify(src) by extension 'python'
[0.261s] Level 1:colcon.colcon_core.package_identification:_identify(src) by extensions ['python_setup_py']
[0.261s] Level 1:colcon.colcon_core.package_identification:_identify(src) by extension 'python_setup_py'
[0.262s] Level 1:colcon.colcon_core.package_identification:_identify(src/Ex_hello_world) by extensions ['ignore', 'ignore_ament_install']
[0.262s] Level 1:colcon.colcon_core.package_identification:_identify(src/Ex_hello_world) by extension 'ignore'
[0.262s] Level 1:colcon.colcon_core.package_identification:_identify(src/Ex_hello_world) by extension 'ignore_ament_install'
[0.262s] Level 1:colcon.colcon_core.package_identification:_identify(src/Ex_hello_world) by extensions ['colcon_pkg']
[0.262s] Level 1:colcon.colcon_core.package_identification:_identify(src/Ex_hello_world) by extension 'colcon_pkg'
[0.262s] Level 1:colcon.colcon_core.package_identification:_identify(src/Ex_hello_world) by extensions ['colcon_meta']
[0.262s] Level 1:colcon.colcon_core.package_identification:_identify(src/Ex_hello_world) by extension 'colcon_meta'
[0.262s] Level 1:colcon.colcon_core.package_identification:_identify(src/Ex_hello_world) by extensions ['ros']
[0.262s] Level 1:colcon.colcon_core.package_identification:_identify(src/Ex_hello_world) by extension 'ros'
[0.266s] DEBUG:colcon.colcon_core.package_identification:Package 'src/Ex_hello_world' with type 'ros.ament_cmake' and name 'hello_world'
[0.266s] Level 1:colcon.colcon_core.package_identification:_identify(src/ROS2_HIL) by extensions ['ignore', 'ignore_ament_install']
[0.266s] Level 1:colcon.colcon_core.package_identification:_identify(src/ROS2_HIL) by extension 'ignore'
[0.266s] Level 1:colcon.colcon_core.package_identification:_identify(src/ROS2_HIL) by extension 'ignore_ament_install'
[0.267s] Level 1:colcon.colcon_core.package_identification:_identify(src/ROS2_HIL) by extensions ['colcon_pkg']
[0.267s] Level 1:colcon.colcon_core.package_identification:_identify(src/ROS2_HIL) by extension 'colcon_pkg'
[0.267s] Level 1:colcon.colcon_core.package_identification:_identify(src/ROS2_HIL) by extensions ['colcon_meta']
[0.267s] Level 1:colcon.colcon_core.package_identification:_identify(src/ROS2_HIL) by extension 'colcon_meta'
[0.267s] Level 1:colcon.colcon_core.package_identification:_identify(src/ROS2_HIL) by extensions ['ros']
[0.267s] Level 1:colcon.colcon_core.package_identification:_identify(src/ROS2_HIL) by extension 'ros'
[0.267s] Level 1:colcon.colcon_core.package_identification:_identify(src/ROS2_HIL) by extensions ['cmake', 'python']
[0.267s] Level 1:colcon.colcon_core.package_identification:_identify(src/ROS2_HIL) by extension 'cmake'
[0.267s] Level 1:colcon.colcon_core.package_identification:_identify(src/ROS2_HIL) by extension 'python'
[0.267s] Level 1:colcon.colcon_core.package_identification:_identify(src/ROS2_HIL) by extensions ['python_setup_py']
[0.267s] Level 1:colcon.colcon_core.package_identification:_identify(src/ROS2_HIL) by extension 'python_setup_py'
[0.267s] Level 1:colcon.colcon_core.package_identification:_identify(src/ros_odrive) by extensions ['ignore', 'ignore_ament_install']
[0.267s] Level 1:colcon.colcon_core.package_identification:_identify(src/ros_odrive) by extension 'ignore'
[0.267s] Level 1:colcon.colcon_core.package_identification:_identify(src/ros_odrive) by extension 'ignore_ament_install'
[0.268s] Level 1:colcon.colcon_core.package_identification:_identify(src/ros_odrive) by extensions ['colcon_pkg']
[0.268s] Level 1:colcon.colcon_core.package_identification:_identify(src/ros_odrive) by extension 'colcon_pkg'
[0.268s] Level 1:colcon.colcon_core.package_identification:_identify(src/ros_odrive) by extensions ['colcon_meta']
[0.268s] Level 1:colcon.colcon_core.package_identification:_identify(src/ros_odrive) by extension 'colcon_meta'
[0.268s] Level 1:colcon.colcon_core.package_identification:_identify(src/ros_odrive) by extensions ['ros']
[0.268s] Level 1:colcon.colcon_core.package_identification:_identify(src/ros_odrive) by extension 'ros'
[0.268s] Level 1:colcon.colcon_core.package_identification:_identify(src/ros_odrive) by extensions ['cmake', 'python']
[0.268s] Level 1:colcon.colcon_core.package_identification:_identify(src/ros_odrive) by extension 'cmake'
[0.268s] Level 1:colcon.colcon_core.package_identification:_identify(src/ros_odrive) by extension 'python'
[0.268s] Level 1:colcon.colcon_core.package_identification:_identify(src/ros_odrive) by extensions ['python_setup_py']
[0.268s] Level 1:colcon.colcon_core.package_identification:_identify(src/ros_odrive) by extension 'python_setup_py'
[0.268s] Level 1:colcon.colcon_core.package_identification:_identify(src/ros_odrive/odrive_base) by extensions ['ignore', 'ignore_ament_install']
[0.268s] Level 1:colcon.colcon_core.package_identification:_identify(src/ros_odrive/odrive_base) by extension 'ignore'
[0.268s] Level 1:colcon.colcon_core.package_identification:_identify(src/ros_odrive/odrive_base) by extension 'ignore_ament_install'
[0.268s] Level 1:colcon.colcon_core.package_identification:_identify(src/ros_odrive/odrive_base) by extensions ['colcon_pkg']
[0.268s] Level 1:colcon.colcon_core.package_identification:_identify(src/ros_odrive/odrive_base) by extension 'colcon_pkg'
[0.269s] Level 1:colcon.colcon_core.package_identification:_identify(src/ros_odrive/odrive_base) by extensions ['colcon_meta']
[0.269s] Level 1:colcon.colcon_core.package_identification:_identify(src/ros_odrive/odrive_base) by extension 'colcon_meta'
[0.269s] Level 1:colcon.colcon_core.package_identification:_identify(src/ros_odrive/odrive_base) by extensions ['ros']
[0.269s] Level 1:colcon.colcon_core.package_identification:_identify(src/ros_odrive/odrive_base) by extension 'ros'
[0.269s] Level 1:colcon.colcon_core.package_identification:_identify(src/ros_odrive/odrive_base) by extensions ['cmake', 'python']
[0.269s] Level 1:colcon.colcon_core.package_identification:_identify(src/ros_odrive/odrive_base) by extension 'cmake'
[0.269s] Level 1:colcon.colcon_core.package_identification:_identify(src/ros_odrive/odrive_base) by extension 'python'
[0.269s] Level 1:colcon.colcon_core.package_identification:_identify(src/ros_odrive/odrive_base) by extensions ['python_setup_py']
[0.269s] Level 1:colcon.colcon_core.package_identification:_identify(src/ros_odrive/odrive_base) by extension 'python_setup_py'
[0.269s] Level 1:colcon.colcon_core.package_identification:_identify(src/ros_odrive/odrive_base/include) by extensions ['ignore', 'ignore_ament_install']
[0.270s] Level 1:colcon.colcon_core.package_identification:_identify(src/ros_odrive/odrive_base/include) by extension 'ignore'
[0.270s] Level 1:colcon.colcon_core.package_identification:_identify(src/ros_odrive/odrive_base/include) by extension 'ignore_ament_install'
[0.270s] Level 1:colcon.colcon_core.package_identification:_identify(src/ros_odrive/odrive_base/include) by extensions ['colcon_pkg']
[0.270s] Level 1:colcon.colcon_core.package_identification:_identify(src/ros_odrive/odrive_base/include) by extension 'colcon_pkg'
[0.270s] Level 1:colcon.colcon_core.package_identification:_identify(src/ros_odrive/odrive_base/include) by extensions ['colcon_meta']
[0.270s] Level 1:colcon.colcon_core.package_identification:_identify(src/ros_odrive/odrive_base/include) by extension 'colcon_meta'
[0.270s] Level 1:colcon.colcon_core.package_identification:_identify(src/ros_odrive/odrive_base/include) by extensions ['ros']
[0.270s] Level 1:colcon.colcon_core.package_identification:_identify(src/ros_odrive/odrive_base/include) by extension 'ros'
[0.270s] Level 1:colcon.colcon_core.package_identification:_identify(src/ros_odrive/odrive_base/include) by extensions ['cmake', 'python']
[0.270s] Level 1:colcon.colcon_core.package_identification:_identify(src/ros_odrive/odrive_base/include) by extension 'cmake'
[0.270s] Level 1:colcon.colcon_core.package_identification:_identify(src/ros_odrive/odrive_base/include) by extension 'python'
[0.270s] Level 1:colcon.colcon_core.package_identification:_identify(src/ros_odrive/odrive_base/include) by extensions ['python_setup_py']
[0.270s] Level 1:colcon.colcon_core.package_identification:_identify(src/ros_odrive/odrive_base/include) by extension 'python_setup_py'
[0.271s] Level 1:colcon.colcon_core.package_identification:_identify(src/ros_odrive/odrive_base/src) by extensions ['ignore', 'ignore_ament_install']
[0.271s] Level 1:colcon.colcon_core.package_identification:_identify(src/ros_odrive/odrive_base/src) by extension 'ignore'
[0.271s] Level 1:colcon.colcon_core.package_identification:_identify(src/ros_odrive/odrive_base/src) by extension 'ignore_ament_install'
[0.271s] Level 1:colcon.colcon_core.package_identification:_identify(src/ros_odrive/odrive_base/src) by extensions ['colcon_pkg']
[0.271s] Level 1:colcon.colcon_core.package_identification:_identify(src/ros_odrive/odrive_base/src) by extension 'colcon_pkg'
[0.271s] Level 1:colcon.colcon_core.package_identification:_identify(src/ros_odrive/odrive_base/src) by extensions ['colcon_meta']
[0.271s] Level 1:colcon.colcon_core.package_identification:_identify(src/ros_odrive/odrive_base/src) by extension 'colcon_meta'
[0.271s] Level 1:colcon.colcon_core.package_identification:_identify(src/ros_odrive/odrive_base/src) by extensions ['ros']
[0.271s] Level 1:colcon.colcon_core.package_identification:_identify(src/ros_odrive/odrive_base/src) by extension 'ros'
[0.271s] Level 1:colcon.colcon_core.package_identification:_identify(src/ros_odrive/odrive_base/src) by extensions ['cmake', 'python']
[0.271s] Level 1:colcon.colcon_core.package_identification:_identify(src/ros_odrive/odrive_base/src) by extension 'cmake'
[0.271s] Level 1:colcon.colcon_core.package_identification:_identify(src/ros_odrive/odrive_base/src) by extension 'python'
[0.271s] Level 1:colcon.colcon_core.package_identification:_identify(src/ros_odrive/odrive_base/src) by extensions ['python_setup_py']
[0.271s] Level 1:colcon.colcon_core.package_identification:_identify(src/ros_odrive/odrive_base/src) by extension 'python_setup_py'
[0.272s] Level 1:colcon.colcon_core.package_identification:_identify(src/ros_odrive/odrive_botwheel_explorer) by extensions ['ignore', 'ignore_ament_install']
[0.272s] Level 1:colcon.colcon_core.package_identification:_identify(src/ros_odrive/odrive_botwheel_explorer) by extension 'ignore'
[0.272s] Level 1:colcon.colcon_core.package_identification:_identify(src/ros_odrive/odrive_botwheel_explorer) by extension 'ignore_ament_install'
[0.272s] Level 1:colcon.colcon_core.package_identification:_identify(src/ros_odrive/odrive_botwheel_explorer) by extensions ['colcon_pkg']
[0.272s] Level 1:colcon.colcon_core.package_identification:_identify(src/ros_odrive/odrive_botwheel_explorer) by extension 'colcon_pkg'
[0.272s] Level 1:colcon.colcon_core.package_identification:_identify(src/ros_odrive/odrive_botwheel_explorer) by extensions ['colcon_meta']
[0.272s] Level 1:colcon.colcon_core.package_identification:_identify(src/ros_odrive/odrive_botwheel_explorer) by extension 'colcon_meta'
[0.272s] Level 1:colcon.colcon_core.package_identification:_identify(src/ros_odrive/odrive_botwheel_explorer) by extensions ['ros']
[0.272s] Level 1:colcon.colcon_core.package_identification:_identify(src/ros_odrive/odrive_botwheel_explorer) by extension 'ros'
[0.273s] DEBUG:colcon.colcon_core.package_identification:Package 'src/ros_odrive/odrive_botwheel_explorer' with type 'ros.ament_cmake' and name 'odrive_botwheel_explorer'
[0.273s] Level 1:colcon.colcon_core.package_identification:_identify(src/ros_odrive/odrive_node) by extensions ['ignore', 'ignore_ament_install']
[0.273s] Level 1:colcon.colcon_core.package_identification:_identify(src/ros_odrive/odrive_node) by extension 'ignore'
[0.273s] Level 1:colcon.colcon_core.package_identification:_identify(src/ros_odrive/odrive_node) by extension 'ignore_ament_install'
[0.273s] Level 1:colcon.colcon_core.package_identification:_identify(src/ros_odrive/odrive_node) by extensions ['colcon_pkg']
[0.274s] Level 1:colcon.colcon_core.package_identification:_identify(src/ros_odrive/odrive_node) by extension 'colcon_pkg'
[0.274s] Level 1:colcon.colcon_core.package_identification:_identify(src/ros_odrive/odrive_node) by extensions ['colcon_meta']
[0.274s] Level 1:colcon.colcon_core.package_identification:_identify(src/ros_odrive/odrive_node) by extension 'colcon_meta'
[0.274s] Level 1:colcon.colcon_core.package_identification:_identify(src/ros_odrive/odrive_node) by extensions ['ros']
[0.274s] Level 1:colcon.colcon_core.package_identification:_identify(src/ros_odrive/odrive_node) by extension 'ros'
[0.275s] DEBUG:colcon.colcon_core.package_identification:Package 'src/ros_odrive/odrive_node' with type 'ros.ament_cmake' and name 'odrive_can'
[0.275s] Level 1:colcon.colcon_core.package_identification:_identify(src/ros_odrive/odrive_ros2_control) by extensions ['ignore', 'ignore_ament_install']
[0.275s] Level 1:colcon.colcon_core.package_identification:_identify(src/ros_odrive/odrive_ros2_control) by extension 'ignore'
[0.275s] Level 1:colcon.colcon_core.package_identification:_identify(src/ros_odrive/odrive_ros2_control) by extension 'ignore_ament_install'
[0.275s] Level 1:colcon.colcon_core.package_identification:_identify(src/ros_odrive/odrive_ros2_control) by extensions ['colcon_pkg']
[0.275s] Level 1:colcon.colcon_core.package_identification:_identify(src/ros_odrive/odrive_ros2_control) by extension 'colcon_pkg'
[0.275s] Level 1:colcon.colcon_core.package_identification:_identify(src/ros_odrive/odrive_ros2_control) by extensions ['colcon_meta']
[0.275s] Level 1:colcon.colcon_core.package_identification:_identify(src/ros_odrive/odrive_ros2_control) by extension 'colcon_meta'
[0.275s] Level 1:colcon.colcon_core.package_identification:_identify(src/ros_odrive/odrive_ros2_control) by extensions ['ros']
[0.275s] Level 1:colcon.colcon_core.package_identification:_identify(src/ros_odrive/odrive_ros2_control) by extension 'ros'
[0.276s] DEBUG:colcon.colcon_core.package_identification:Package 'src/ros_odrive/odrive_ros2_control' with type 'ros.ament_cmake' and name 'odrive_ros2_control'
[0.277s] Level 1:colcon.colcon_core.package_discovery:discover_packages(recursive) using defaults
[0.277s] Level 1:colcon.colcon_core.package_discovery:discover_packages(ignore) discover
[0.277s] Level 1:colcon.colcon_core.package_discovery:discover_packages(ignore) using defaults
[0.277s] Level 1:colcon.colcon_core.package_discovery:discover_packages(path) discover
[0.277s] Level 1:colcon.colcon_core.package_discovery:discover_packages(path) using defaults
[0.301s] INFO:colcon.colcon_core.package_selection:Skipping not selected package 'hello_world' in 'src/Ex_hello_world'
[0.301s] INFO:colcon.colcon_core.package_selection:Skipping not selected package 'odrive_ros2_control' in 'src/ros_odrive/odrive_ros2_control'
[0.301s] INFO:colcon.colcon_core.package_selection:Skipping not selected package 'odrive_botwheel_explorer' in 'src/ros_odrive/odrive_botwheel_explorer'
[0.302s] Level 1:colcon.colcon_core.package_discovery:discover_packages(prefix_path) check parameters
[0.302s] Level 1:colcon.colcon_core.package_discovery:discover_packages(prefix_path) discover
[0.303s] WARNING:colcon.colcon_ros.prefix_path.ament:The path '/home/pneumatic8/Documents/ros2_odrive/install/hello_world' in the environment variable AMENT_PREFIX_PATH doesn't exist
[0.304s] WARNING:colcon.colcon_ros.prefix_path.catkin:The path '/home/pneumatic8/Documents/ros2_odrive/install/hello_world' in the environment variable CMAKE_PREFIX_PATH doesn't exist
[0.305s] DEBUG:colcon.colcon_installed_package_information.package_discovery:Found 0 installed packages in /home/pneumatic8/Documents/ros2_odrive/install
[0.309s] DEBUG:colcon.colcon_installed_package_information.package_discovery:Found 339 installed packages in /opt/ros/jazzy
[0.315s] Level 1:colcon.colcon_core.package_discovery:discover_packages(prefix_path) using defaults
[0.388s] Level 5:colcon.colcon_core.verb:set package 'odrive_can' build argument 'cmake_args' from command line to 'None'
[0.388s] Level 5:colcon.colcon_core.verb:set package 'odrive_can' build argument 'cmake_target' from command line to 'None'
[0.388s] Level 5:colcon.colcon_core.verb:set package 'odrive_can' build argument 'cmake_target_skip_unavailable' from command line to 'False'
[0.388s] Level 5:colcon.colcon_core.verb:set package 'odrive_can' build argument 'cmake_clean_cache' from command line to 'False'
[0.388s] Level 5:colcon.colcon_core.verb:set package 'odrive_can' build argument 'cmake_clean_first' from command line to 'False'
[0.388s] Level 5:colcon.colcon_core.verb:set package 'odrive_can' build argument 'cmake_force_configure' from command line to 'False'
[0.388s] Level 5:colcon.colcon_core.verb:set package 'odrive_can' build argument 'ament_cmake_args' from command line to 'None'
[0.388s] Level 5:colcon.colcon_core.verb:set package 'odrive_can' build argument 'catkin_cmake_args' from command line to 'None'
[0.388s] Level 5:colcon.colcon_core.verb:set package 'odrive_can' build argument 'catkin_skip_building_tests' from command line to 'False'
[0.388s] DEBUG:colcon.colcon_core.verb:Building package 'odrive_can' with the following arguments: {'ament_cmake_args': None, 'build_base': '/home/pneumatic8/Documents/ros2_odrive/build/odrive_can', 'catkin_cmake_args': None, 'catkin_skip_building_tests': False, 'cmake_args': None, 'cmake_clean_cache': False, 'cmake_clean_first': False, 'cmake_force_configure': False, 'cmake_target': None, 'cmake_target_skip_unavailable': False, 'install_base': '/home/pneumatic8/Documents/ros2_odrive/install/odrive_can', 'merge_install': False, 'path': '/home/pneumatic8/Documents/ros2_odrive/src/ros_odrive/odrive_node', 'symlink_install': False, 'test_result_base': None}
[0.388s] INFO:colcon.colcon_core.executor:Executing jobs using 'parallel' executor
[0.390s] DEBUG:colcon.colcon_parallel_executor.executor.parallel:run_until_complete
[0.390s] INFO:colcon.colcon_ros.task.ament_cmake.build:Building ROS package in '/home/pneumatic8/Documents/ros2_odrive/src/ros_odrive/odrive_node' with build type 'ament_cmake'
[0.390s] INFO:colcon.colcon_cmake.task.cmake.build:Building CMake package in '/home/pneumatic8/Documents/ros2_odrive/src/ros_odrive/odrive_node'
[0.397s] INFO:colcon.colcon_core.plugin_system:Skipping extension 'colcon_core.shell.bat': Not used on non-Windows systems
[0.397s] INFO:colcon.colcon_core.shell:Skip shell extension 'powershell' for command environment: Not usable outside of PowerShell
[0.397s] DEBUG:colcon.colcon_core.shell:Skip shell extension 'dsv' for command environment
[0.416s] DEBUG:colcon.colcon_core.event_handler.log_command:Invoking command in '/home/pneumatic8/Documents/ros2_odrive/build/odrive_can': CMAKE_PREFIX_PATH=${CMAKE_PREFIX_PATH}:/opt/ros/jazzy DEBUGINFOD_URLS=https://debuginfod.ubuntu.com /usr/bin/cmake /home/pneumatic8/Documents/ros2_odrive/src/ros_odrive/odrive_node -DCMAKE_INSTALL_PREFIX=/home/pneumatic8/Documents/ros2_odrive/install/odrive_can
[6.444s] DEBUG:colcon.colcon_core.event_handler.log_command:Invoked command in '/home/pneumatic8/Documents/ros2_odrive/build/odrive_can' returned '0': CMAKE_PREFIX_PATH=${CMAKE_PREFIX_PATH}:/opt/ros/jazzy DEBUGINFOD_URLS=https://debuginfod.ubuntu.com /usr/bin/cmake /home/pneumatic8/Documents/ros2_odrive/src/ros_odrive/odrive_node -DCMAKE_INSTALL_PREFIX=/home/pneumatic8/Documents/ros2_odrive/install/odrive_can
[6.447s] DEBUG:colcon.colcon_core.event_handler.log_command:Invoking command in '/home/pneumatic8/Documents/ros2_odrive/build/odrive_can': CMAKE_PREFIX_PATH=${CMAKE_PREFIX_PATH}:/opt/ros/jazzy DEBUGINFOD_URLS=https://debuginfod.ubuntu.com /usr/bin/cmake --build /home/pneumatic8/Documents/ros2_odrive/build/odrive_can -- -j4 -l4
[43.467s] DEBUG:colcon.colcon_core.event_handler.log_command:Invoked command in '/home/pneumatic8/Documents/ros2_odrive/build/odrive_can' returned '0': CMAKE_PREFIX_PATH=${CMAKE_PREFIX_PATH}:/opt/ros/jazzy DEBUGINFOD_URLS=https://debuginfod.ubuntu.com /usr/bin/cmake --build /home/pneumatic8/Documents/ros2_odrive/build/odrive_can -- -j4 -l4
[43.490s] DEBUG:colcon.colcon_core.event_handler.log_command:Invoking command in '/home/pneumatic8/Documents/ros2_odrive/build/odrive_can': CMAKE_PREFIX_PATH=${CMAKE_PREFIX_PATH}:/opt/ros/jazzy DEBUGINFOD_URLS=https://debuginfod.ubuntu.com /usr/bin/cmake --install /home/pneumatic8/Documents/ros2_odrive/build/odrive_can
[43.698s] Level 1:colcon.colcon_core.environment:create_environment_scripts_only(odrive_can)
[43.700s] DEBUG:colcon.colcon_core.event_handler.log_command:Invoked command in '/home/pneumatic8/Documents/ros2_odrive/build/odrive_can' returned '0': CMAKE_PREFIX_PATH=${CMAKE_PREFIX_PATH}:/opt/ros/jazzy DEBUGINFOD_URLS=https://debuginfod.ubuntu.com /usr/bin/cmake --install /home/pneumatic8/Documents/ros2_odrive/build/odrive_can
[43.703s] Level 1:colcon.colcon_core.environment:checking '/home/pneumatic8/Documents/ros2_odrive/install/odrive_can' for CMake module files
[43.705s] Level 1:colcon.colcon_core.environment:checking '/home/pneumatic8/Documents/ros2_odrive/install/odrive_can' for CMake config files
[43.705s] Level 1:colcon.colcon_core.shell:create_environment_hook('odrive_can', 'cmake_prefix_path')
[43.705s] INFO:colcon.colcon_core.shell:Creating environment hook '/home/pneumatic8/Documents/ros2_odrive/install/odrive_can/share/odrive_can/hook/cmake_prefix_path.ps1'
[43.707s] INFO:colcon.colcon_core.shell:Creating environment descriptor '/home/pneumatic8/Documents/ros2_odrive/install/odrive_can/share/odrive_can/hook/cmake_prefix_path.dsv'
[43.708s] INFO:colcon.colcon_core.shell:Creating environment hook '/home/pneumatic8/Documents/ros2_odrive/install/odrive_can/share/odrive_can/hook/cmake_prefix_path.sh'
[43.713s] Level 1:colcon.colcon_core.environment:checking '/home/pneumatic8/Documents/ros2_odrive/install/odrive_can/lib'
[43.714s] Level 1:colcon.colcon_core.shell:create_environment_hook('odrive_can', 'ld_library_path_lib')
[43.714s] INFO:colcon.colcon_core.shell:Creating environment hook '/home/pneumatic8/Documents/ros2_odrive/install/odrive_can/share/odrive_can/hook/ld_library_path_lib.ps1'
[43.718s] INFO:colcon.colcon_core.shell:Creating environment descriptor '/home/pneumatic8/Documents/ros2_odrive/install/odrive_can/share/odrive_can/hook/ld_library_path_lib.dsv'
[43.719s] INFO:colcon.colcon_core.shell:Creating environment hook '/home/pneumatic8/Documents/ros2_odrive/install/odrive_can/share/odrive_can/hook/ld_library_path_lib.sh'
[43.721s] Level 1:colcon.colcon_core.environment:checking '/home/pneumatic8/Documents/ros2_odrive/install/odrive_can/bin'
[43.722s] Level 1:colcon.colcon_core.environment:checking '/home/pneumatic8/Documents/ros2_odrive/install/odrive_can/lib/pkgconfig/odrive_can.pc'
[43.722s] Level 1:colcon.colcon_core.environment:checking '/home/pneumatic8/Documents/ros2_odrive/install/odrive_can/lib/python3.12/site-packages'
[43.723s] Level 1:colcon.colcon_core.shell:create_environment_hook('odrive_can', 'pythonpath')
[43.723s] INFO:colcon.colcon_core.shell:Creating environment hook '/home/pneumatic8/Documents/ros2_odrive/install/odrive_can/share/odrive_can/hook/pythonpath.ps1'
[43.724s] INFO:colcon.colcon_core.shell:Creating environment descriptor '/home/pneumatic8/Documents/ros2_odrive/install/odrive_can/share/odrive_can/hook/pythonpath.dsv'
[43.725s] INFO:colcon.colcon_core.shell:Creating environment hook '/home/pneumatic8/Documents/ros2_odrive/install/odrive_can/share/odrive_can/hook/pythonpath.sh'
[43.726s] Level 1:colcon.colcon_core.environment:checking '/home/pneumatic8/Documents/ros2_odrive/install/odrive_can/bin'
[43.727s] INFO:colcon.colcon_core.shell:Creating package script '/home/pneumatic8/Documents/ros2_odrive/install/odrive_can/share/odrive_can/package.ps1'
[43.728s] INFO:colcon.colcon_core.shell:Creating package descriptor '/home/pneumatic8/Documents/ros2_odrive/install/odrive_can/share/odrive_can/package.dsv'
[43.739s] INFO:colcon.colcon_core.shell:Creating package script '/home/pneumatic8/Documents/ros2_odrive/install/odrive_can/share/odrive_can/package.sh'
[43.740s] INFO:colcon.colcon_core.shell:Creating package script '/home/pneumatic8/Documents/ros2_odrive/install/odrive_can/share/odrive_can/package.bash'
[43.746s] INFO:colcon.colcon_core.shell:Creating package script '/home/pneumatic8/Documents/ros2_odrive/install/odrive_can/share/odrive_can/package.zsh'
[43.747s] Level 1:colcon.colcon_core.environment:create_file_with_runtime_dependencies(/home/pneumatic8/Documents/ros2_odrive/install/odrive_can/share/colcon-core/packages/odrive_can)
[43.748s] Level 1:colcon.colcon_core.environment:create_environment_scripts_only(odrive_can)
[43.748s] Level 1:colcon.colcon_core.environment:checking '/home/pneumatic8/Documents/ros2_odrive/install/odrive_can' for CMake module files
[43.749s] Level 1:colcon.colcon_core.environment:checking '/home/pneumatic8/Documents/ros2_odrive/install/odrive_can' for CMake config files
[43.750s] Level 1:colcon.colcon_core.shell:create_environment_hook('odrive_can', 'cmake_prefix_path')
[43.750s] INFO:colcon.colcon_core.shell:Creating environment hook '/home/pneumatic8/Documents/ros2_odrive/install/odrive_can/share/odrive_can/hook/cmake_prefix_path.ps1'
[43.751s] INFO:colcon.colcon_core.shell:Creating environment descriptor '/home/pneumatic8/Documents/ros2_odrive/install/odrive_can/share/odrive_can/hook/cmake_prefix_path.dsv'
[43.751s] INFO:colcon.colcon_core.shell:Creating environment hook '/home/pneumatic8/Documents/ros2_odrive/install/odrive_can/share/odrive_can/hook/cmake_prefix_path.sh'
[43.752s] Level 1:colcon.colcon_core.environment:checking '/home/pneumatic8/Documents/ros2_odrive/install/odrive_can/lib'
[43.752s] Level 1:colcon.colcon_core.shell:create_environment_hook('odrive_can', 'ld_library_path_lib')
[43.753s] INFO:colcon.colcon_core.shell:Creating environment hook '/home/pneumatic8/Documents/ros2_odrive/install/odrive_can/share/odrive_can/hook/ld_library_path_lib.ps1'
[43.753s] INFO:colcon.colcon_core.shell:Creating environment descriptor '/home/pneumatic8/Documents/ros2_odrive/install/odrive_can/share/odrive_can/hook/ld_library_path_lib.dsv'
[43.754s] INFO:colcon.colcon_core.shell:Creating environment hook '/home/pneumatic8/Documents/ros2_odrive/install/odrive_can/share/odrive_can/hook/ld_library_path_lib.sh'
[43.754s] Level 1:colcon.colcon_core.environment:checking '/home/pneumatic8/Documents/ros2_odrive/install/odrive_can/bin'
[43.755s] Level 1:colcon.colcon_core.environment:checking '/home/pneumatic8/Documents/ros2_odrive/install/odrive_can/lib/pkgconfig/odrive_can.pc'
[43.755s] Level 1:colcon.colcon_core.environment:checking '/home/pneumatic8/Documents/ros2_odrive/install/odrive_can/lib/python3.12/site-packages'
[43.755s] Level 1:colcon.colcon_core.shell:create_environment_hook('odrive_can', 'pythonpath')
[43.755s] INFO:colcon.colcon_core.shell:Creating environment hook '/home/pneumatic8/Documents/ros2_odrive/install/odrive_can/share/odrive_can/hook/pythonpath.ps1'
[43.760s] INFO:colcon.colcon_core.shell:Creating environment descriptor '/home/pneumatic8/Documents/ros2_odrive/install/odrive_can/share/odrive_can/hook/pythonpath.dsv'
[43.763s] INFO:colcon.colcon_core.shell:Creating environment hook '/home/pneumatic8/Documents/ros2_odrive/install/odrive_can/share/odrive_can/hook/pythonpath.sh'
[43.765s] Level 1:colcon.colcon_core.environment:checking '/home/pneumatic8/Documents/ros2_odrive/install/odrive_can/bin'
[43.766s] INFO:colcon.colcon_core.shell:Creating package script '/home/pneumatic8/Documents/ros2_odrive/install/odrive_can/share/odrive_can/package.ps1'
[43.766s] INFO:colcon.colcon_core.shell:Creating package descriptor '/home/pneumatic8/Documents/ros2_odrive/install/odrive_can/share/odrive_can/package.dsv'
[43.768s] INFO:colcon.colcon_core.shell:Creating package script '/home/pneumatic8/Documents/ros2_odrive/install/odrive_can/share/odrive_can/package.sh'
[43.771s] INFO:colcon.colcon_core.shell:Creating package script '/home/pneumatic8/Documents/ros2_odrive/install/odrive_can/share/odrive_can/package.bash'
[43.772s] INFO:colcon.colcon_core.shell:Creating package script '/home/pneumatic8/Documents/ros2_odrive/install/odrive_can/share/odrive_can/package.zsh'
[43.774s] Level 1:colcon.colcon_core.environment:create_file_with_runtime_dependencies(/home/pneumatic8/Documents/ros2_odrive/install/odrive_can/share/colcon-core/packages/odrive_can)
[43.775s] DEBUG:colcon.colcon_parallel_executor.executor.parallel:closing loop
[43.776s] DEBUG:colcon.colcon_parallel_executor.executor.parallel:loop closed
[43.776s] DEBUG:colcon.colcon_parallel_executor.executor.parallel:run_until_complete finished with '0'
[43.776s] DEBUG:colcon.colcon_core.event_reactor:joining thread
[43.792s] INFO:colcon.colcon_core.plugin_system:Skipping extension 'colcon_notification.desktop_notification.terminal_notifier': Not used on non-Darwin systems
[43.792s] INFO:colcon.colcon_core.plugin_system:Skipping extension 'colcon_notification.desktop_notification.win32': Not used on non-Windows systems
[43.793s] INFO:colcon.colcon_notification.desktop_notification:Sending desktop notification using 'notify2'
[43.830s] DEBUG:colcon.colcon_core.event_reactor:joined thread
[43.831s] INFO:colcon.colcon_core.shell:Creating prefix script '/home/pneumatic8/Documents/ros2_odrive/install/local_setup.ps1'
[43.832s] INFO:colcon.colcon_core.shell:Creating prefix util module '/home/pneumatic8/Documents/ros2_odrive/install/_local_setup_util_ps1.py'
[43.834s] INFO:colcon.colcon_core.shell:Creating prefix chain script '/home/pneumatic8/Documents/ros2_odrive/install/setup.ps1'
[43.836s] INFO:colcon.colcon_core.shell:Creating prefix script '/home/pneumatic8/Documents/ros2_odrive/install/local_setup.sh'
[43.837s] INFO:colcon.colcon_core.shell:Creating prefix util module '/home/pneumatic8/Documents/ros2_odrive/install/_local_setup_util_sh.py'
[43.838s] INFO:colcon.colcon_core.shell:Creating prefix chain script '/home/pneumatic8/Documents/ros2_odrive/install/setup.sh'
[43.840s] INFO:colcon.colcon_core.shell:Creating prefix script '/home/pneumatic8/Documents/ros2_odrive/install/local_setup.bash'
[43.842s] INFO:colcon.colcon_core.shell:Creating prefix chain script '/home/pneumatic8/Documents/ros2_odrive/install/setup.bash'
[43.844s] INFO:colcon.colcon_core.shell:Creating prefix script '/home/pneumatic8/Documents/ros2_odrive/install/local_setup.zsh'
[43.845s] INFO:colcon.colcon_core.shell:Creating prefix chain script '/home/pneumatic8/Documents/ros2_odrive/install/setup.zsh'
