[0.030s] Invoking command in '/home/pneumatic8/Documents/ros2_odrive/build/motor_sine': CMAKE_PREFIX_PATH=/home/pneumatic8/Documents/ros2_odrive/install/odrive_can:/home/pneumatic8/Documents/ros2_odrive/install/motor_sine:/opt/ros/jazzy/opt/sdformat_vendor:/opt/ros/jazzy/opt/gz_math_vendor:/opt/ros/jazzy/opt/gz_utils_vendor:/opt/ros/jazzy/opt/gz_tools_vendor:/opt/ros/jazzy/opt/gz_cmake_vendor:/opt/ros/jazzy DEBUGINFOD_URLS=https://debuginfod.ubuntu.com /usr/bin/cmake --build /home/pneumatic8/Documents/ros2_odrive/build/motor_sine -- -j4 -l4
[0.087s] -- Found ament_cmake: 2.5.4 (/opt/ros/jazzy/share/ament_cmake/cmake)
[0.474s] -- Found rclcpp: 28.1.13 (/opt/ros/jazzy/share/rclcpp/cmake)
[0.517s] -- Found rosidl_generator_c: 4.6.6 (/opt/ros/jazzy/share/rosidl_generator_c/cmake)
[0.528s] -- Found rosidl_generator_cpp: 4.6.6 (/opt/ros/jazzy/share/rosidl_generator_cpp/cmake)
[0.545s] -- Using all available rosidl_typesupport_c: rosidl_typesupport_fastrtps_c;rosidl_typesupport_introspection_c
[0.564s] -- Using all available rosidl_typesupport_cpp: rosidl_typesupport_fastrtps_cpp;rosidl_typesupport_introspection_cpp
[0.649s] -- Found rmw_implementation_cmake: 7.3.2 (/opt/ros/jazzy/share/rmw_implementation_cmake/cmake)
[0.651s] -- Found rmw_fastrtps_cpp: 8.4.3 (/opt/ros/jazzy/share/rmw_fastrtps_cpp/cmake)
[0.749s] -- Using RMW implementation 'rmw_fastrtps_cpp' as default
[0.835s] -- Found odrive_can: 0.0.1 (/home/pneumatic8/Documents/ros2_odrive/install/odrive_can/share/odrive_can/cmake)
[0.865s] -- Found ament_lint_auto: 0.17.3 (/opt/ros/jazzy/share/ament_lint_auto/cmake)
[1.043s] -- Added test 'cppcheck' to perform static code analysis on C / C++ code
[1.043s] -- Configured cppcheck include dirs: 
[1.043s] -- Configured cppcheck exclude dirs and/or files: 
[1.044s] -- Added test 'lint_cmake' to check CMake code style
[1.045s] -- Added test 'uncrustify' to check C / C++ code style
[1.045s] -- Configured uncrustify additional arguments: 
[1.046s] -- Added test 'xmllint' to check XML markup files
[1.047s] -- Configuring done (1.0s)
[1.084s] -- Generating done (0.0s)
[1.104s] -- Build files have been written to: /home/pneumatic8/Documents/ros2_odrive/build/motor_sine
[1.193s] [ 50%] [32mBuilding CXX object CMakeFiles/sine_pub.dir/src/sine_pub.cpp.o[0m
[8.395s] [100%] [32m[1mLinking CXX executable sine_pub[0m
[8.765s] [100%] Built target sine_pub
[8.788s] Invoked command in '/home/pneumatic8/Documents/ros2_odrive/build/motor_sine' returned '0': CMAKE_PREFIX_PATH=/home/pneumatic8/Documents/ros2_odrive/install/odrive_can:/home/pneumatic8/Documents/ros2_odrive/install/motor_sine:/opt/ros/jazzy/opt/sdformat_vendor:/opt/ros/jazzy/opt/gz_math_vendor:/opt/ros/jazzy/opt/gz_utils_vendor:/opt/ros/jazzy/opt/gz_tools_vendor:/opt/ros/jazzy/opt/gz_cmake_vendor:/opt/ros/jazzy DEBUGINFOD_URLS=https://debuginfod.ubuntu.com /usr/bin/cmake --build /home/pneumatic8/Documents/ros2_odrive/build/motor_sine -- -j4 -l4
[8.808s] Invoking command in '/home/pneumatic8/Documents/ros2_odrive/build/motor_sine': CMAKE_PREFIX_PATH=/home/pneumatic8/Documents/ros2_odrive/install/odrive_can:/home/pneumatic8/Documents/ros2_odrive/install/motor_sine:/opt/ros/jazzy/opt/sdformat_vendor:/opt/ros/jazzy/opt/gz_math_vendor:/opt/ros/jazzy/opt/gz_utils_vendor:/opt/ros/jazzy/opt/gz_tools_vendor:/opt/ros/jazzy/opt/gz_cmake_vendor:/opt/ros/jazzy DEBUGINFOD_URLS=https://debuginfod.ubuntu.com /usr/bin/cmake --install /home/pneumatic8/Documents/ros2_odrive/build/motor_sine
[8.824s] -- Install configuration: ""
[8.824s] -- Installing: /home/pneumatic8/Documents/ros2_odrive/install/motor_sine/lib/motor_sine/sine_pub
[8.828s] -- Set non-toolchain portion of runtime path of "/home/pneumatic8/Documents/ros2_odrive/install/motor_sine/lib/motor_sine/sine_pub" to ""
[8.828s] -- Installing: /home/pneumatic8/Documents/ros2_odrive/install/motor_sine/share/ament_index/resource_index/package_run_dependencies/motor_sine
[8.829s] -- Installing: /home/pneumatic8/Documents/ros2_odrive/install/motor_sine/share/ament_index/resource_index/parent_prefix_path/motor_sine
[8.829s] -- Up-to-date: /home/pneumatic8/Documents/ros2_odrive/install/motor_sine/share/motor_sine/environment/ament_prefix_path.sh
[8.829s] -- Up-to-date: /home/pneumatic8/Documents/ros2_odrive/install/motor_sine/share/motor_sine/environment/ament_prefix_path.dsv
[8.830s] -- Up-to-date: /home/pneumatic8/Documents/ros2_odrive/install/motor_sine/share/motor_sine/environment/path.sh
[8.830s] -- Up-to-date: /home/pneumatic8/Documents/ros2_odrive/install/motor_sine/share/motor_sine/environment/path.dsv
[8.830s] -- Up-to-date: /home/pneumatic8/Documents/ros2_odrive/install/motor_sine/share/motor_sine/local_setup.bash
[8.830s] -- Up-to-date: /home/pneumatic8/Documents/ros2_odrive/install/motor_sine/share/motor_sine/local_setup.sh
[8.830s] -- Up-to-date: /home/pneumatic8/Documents/ros2_odrive/install/motor_sine/share/motor_sine/local_setup.zsh
[8.830s] -- Up-to-date: /home/pneumatic8/Documents/ros2_odrive/install/motor_sine/share/motor_sine/local_setup.dsv
[8.831s] -- Installing: /home/pneumatic8/Documents/ros2_odrive/install/motor_sine/share/motor_sine/package.dsv
[8.831s] -- Up-to-date: /home/pneumatic8/Documents/ros2_odrive/install/motor_sine/share/ament_index/resource_index/packages/motor_sine
[8.831s] -- Up-to-date: /home/pneumatic8/Documents/ros2_odrive/install/motor_sine/share/motor_sine/cmake/motor_sineConfig.cmake
[8.832s] -- Up-to-date: /home/pneumatic8/Documents/ros2_odrive/install/motor_sine/share/motor_sine/cmake/motor_sineConfig-version.cmake
[8.832s] -- Installing: /home/pneumatic8/Documents/ros2_odrive/install/motor_sine/share/motor_sine/package.xml
[8.836s] Invoked command in '/home/pneumatic8/Documents/ros2_odrive/build/motor_sine' returned '0': CMAKE_PREFIX_PATH=/home/pneumatic8/Documents/ros2_odrive/install/odrive_can:/home/pneumatic8/Documents/ros2_odrive/install/motor_sine:/opt/ros/jazzy/opt/sdformat_vendor:/opt/ros/jazzy/opt/gz_math_vendor:/opt/ros/jazzy/opt/gz_utils_vendor:/opt/ros/jazzy/opt/gz_tools_vendor:/opt/ros/jazzy/opt/gz_cmake_vendor:/opt/ros/jazzy DEBUGINFOD_URLS=https://debuginfod.ubuntu.com /usr/bin/cmake --install /home/pneumatic8/Documents/ros2_odrive/build/motor_sine
