[0.021s] Invoking command in '/home/pneumatic8/Documents/ros2_odrive/build/motor_sine': CMAKE_PREFIX_PATH=${CMAKE_PREFIX_PATH}:/opt/ros/jazzy DEBUGINFOD_URLS=https://debuginfod.ubuntu.com /usr/bin/cmake /home/pneumatic8/Documents/ros2_odrive/src/motor_sine -DCMAKE_INSTALL_PREFIX=/home/pneumatic8/Documents/ros2_odrive/install/motor_sine
[0.457s] -- The C compiler identification is GNU 13.3.0
[0.876s] -- The CXX compiler identification is GNU 13.3.0
[0.958s] -- Detecting C compiler ABI info
[1.227s] -- Detecting C compiler ABI info - done
[1.243s] -- Check for working C compiler: /usr/bin/cc - skipped
[1.245s] -- Detecting C compile features
[1.246s] -- Detecting C compile features - done
[1.262s] -- Detecting CXX compiler ABI info
[1.474s] -- Detecting CXX compiler ABI info - done
[1.492s] -- Check for working CXX compiler: /usr/bin/c++ - skipped
[1.493s] -- Detecting CXX compile features
[1.493s] -- Detecting CXX compile features - done
[1.511s] -- Found ament_cmake: 2.5.4 (/opt/ros/jazzy/share/ament_cmake/cmake)
[1.796s] -- Found Python3: /usr/bin/python3 (found version "3.12.3") found components: Interpreter 
[2.069s] -- Found rclcpp: 28.1.13 (/opt/ros/jazzy/share/rclcpp/cmake)
[2.326s] -- Found rosidl_generator_c: 4.6.6 (/opt/ros/jazzy/share/rosidl_generator_c/cmake)
[2.355s] -- Found rosidl_generator_cpp: 4.6.6 (/opt/ros/jazzy/share/rosidl_generator_cpp/cmake)
[2.395s] -- Using all available rosidl_typesupport_c: rosidl_typesupport_fastrtps_c;rosidl_typesupport_introspection_c
[2.439s] -- Using all available rosidl_typesupport_cpp: rosidl_typesupport_fastrtps_cpp;rosidl_typesupport_introspection_cpp
[2.601s] -- Found rmw_implementation_cmake: 7.3.2 (/opt/ros/jazzy/share/rmw_implementation_cmake/cmake)
[2.610s] -- Found rmw_fastrtps_cpp: 8.4.3 (/opt/ros/jazzy/share/rmw_fastrtps_cpp/cmake)
[2.843s] -- Found OpenSSL: /usr/lib/aarch64-linux-gnu/libcrypto.so (found version "3.0.13")  
[2.874s] -- Found FastRTPS: /opt/ros/jazzy/include (Required is at least version "2.13") 
[2.915s] -- Using RMW implementation 'rmw_fastrtps_cpp' as default
[3.066s] -- Found std_msgs: 5.3.6 (/opt/ros/jazzy/share/std_msgs/cmake)
[3.098s] -- Found ament_lint_auto: 0.17.3 (/opt/ros/jazzy/share/ament_lint_auto/cmake)
[3.316s] -- Added test 'cppcheck' to perform static code analysis on C / C++ code
[3.316s] -- Configured cppcheck include dirs: 
[3.316s] -- Configured cppcheck exclude dirs and/or files: 
[3.318s] -- Added test 'lint_cmake' to check CMake code style
[3.323s] -- Added test 'uncrustify' to check C / C++ code style
[3.323s] -- Configured uncrustify additional arguments: 
[3.330s] -- Added test 'xmllint' to check XML markup files
[3.339s] -- Configuring done (3.3s)
[3.373s] -- Generating done (0.0s)
[3.382s] -- Build files have been written to: /home/pneumatic8/Documents/ros2_odrive/build/motor_sine
[3.403s] Invoked command in '/home/pneumatic8/Documents/ros2_odrive/build/motor_sine' returned '0': CMAKE_PREFIX_PATH=${CMAKE_PREFIX_PATH}:/opt/ros/jazzy DEBUGINFOD_URLS=https://debuginfod.ubuntu.com /usr/bin/cmake /home/pneumatic8/Documents/ros2_odrive/src/motor_sine -DCMAKE_INSTALL_PREFIX=/home/pneumatic8/Documents/ros2_odrive/install/motor_sine
[3.406s] Invoking command in '/home/pneumatic8/Documents/ros2_odrive/build/motor_sine': CMAKE_PREFIX_PATH=${CMAKE_PREFIX_PATH}:/opt/ros/jazzy DEBUGINFOD_URLS=https://debuginfod.ubuntu.com /usr/bin/cmake --build /home/pneumatic8/Documents/ros2_odrive/build/motor_sine -- -j4 -l4
[3.507s] [ 50%] [32mBuilding CXX object CMakeFiles/sine_pub.dir/src/sine_pub.cpp.o[0m
[7.446s] [01m[K/home/pneumatic8/Documents/ros2_odrive/src/motor_sine/src/sine_pub.cpp:[m[K In lambda function:
[7.446s] [01m[K/home/pneumatic8/Documents/ros2_odrive/src/motor_sine/src/sine_pub.cpp:24:17:[m[K [01;31m[Kerror: [m[Krequest for member ‘[01m[Kdata[m[K’ in ‘[01m[Kmessage[m[K’, which is of non-class type ‘[01m[Kconst char*[m[K’
[7.446s]    24 |         message.[01;31m[Kdata[m[K = "{control_mode: 2, input_mode: 1, input_pos: 0.0, input_vel: 1.0, input_torque: 0.0}";
[7.446s]       |                 [01;31m[K^~~~[m[K
[7.446s] In file included from [01m[K/opt/ros/jazzy/include/rclcpp/rclcpp/logging.hpp:24[m[K,
[7.446s]                  from [01m[K/opt/ros/jazzy/include/rclcpp/rclcpp/copy_all_parameter_values.hpp:27[m[K,
[7.446s]                  from [01m[K/opt/ros/jazzy/include/rclcpp/rclcpp/rclcpp.hpp:171[m[K,
[7.447s]                  from [01m[K/home/pneumatic8/Documents/ros2_odrive/src/motor_sine/src/sine_pub.cpp:5[m[K:
[7.447s] [01m[K/home/pneumatic8/Documents/ros2_odrive/src/motor_sine/src/sine_pub.cpp:25:69:[m[K [01;31m[Kerror: [m[Krequest for member ‘[01m[Kdata[m[K’ in ‘[01m[Kmessage[m[K’, which is of non-class type ‘[01m[Kconst char*[m[K’
[7.447s]    25 |         RCLCPP_INFO(this->get_logger(), "Publishing: '%s'", message.[01;31m[Kdata[m[K.c_str());
[7.447s]       |                                                                     [01;31m[K^~~~[m[K
[7.447s] [01m[K/home/pneumatic8/Documents/ros2_odrive/src/motor_sine/src/sine_pub.cpp:26:34:[m[K [01;31m[Kerror: [m[Kno matching function for call to ‘[01m[Krclcpp::Publisher<std_msgs::msg::String_<std::allocator<void> > >::publish(const char*&)[m[K’
[7.447s]    26 |         [01;31m[Kthis->publisher_->publish(message)[m[K;
[7.447s]       |         [01;31m[K~~~~~~~~~~~~~~~~~~~~~~~~~^~~~~~~~~[m[K
[7.448s] In file included from [01m[K/opt/ros/jazzy/include/rclcpp/rclcpp/topic_statistics/subscription_topic_statistics.hpp:31[m[K,
[7.449s]                  from [01m[K/opt/ros/jazzy/include/rclcpp/rclcpp/subscription.hpp:50[m[K,
[7.449s]                  from [01m[K/opt/ros/jazzy/include/rclcpp/rclcpp/any_executable.hpp:25[m[K,
[7.449s]                  from [01m[K/opt/ros/jazzy/include/rclcpp/rclcpp/memory_strategy.hpp:25[m[K,
[7.449s]                  from [01m[K/opt/ros/jazzy/include/rclcpp/rclcpp/memory_strategies.hpp:18[m[K,
[7.449s]                  from [01m[K/opt/ros/jazzy/include/rclcpp/rclcpp/executor_options.hpp:22[m[K,
[7.449s]                  from [01m[K/opt/ros/jazzy/include/rclcpp/rclcpp/executor.hpp:38[m[K,
[7.449s]                  from [01m[K/opt/ros/jazzy/include/rclcpp/rclcpp/executors/multi_threaded_executor.hpp:25[m[K,
[7.449s]                  from [01m[K/opt/ros/jazzy/include/rclcpp/rclcpp/executors.hpp:21[m[K,
[7.450s]                  from [01m[K/opt/ros/jazzy/include/rclcpp/rclcpp/rclcpp.hpp:172[m[K:
[7.450s] [01m[K/opt/ros/jazzy/include/rclcpp/rclcpp/publisher.hpp:242:3:[m[K [01;36m[Knote: [m[Kcandidate: ‘[01m[Ktemplate<class T> std::enable_if_t<(rosidl_generator_traits::is_message<T>::value && std::is_same<T, typename rclcpp::TypeAdapter<MessageT>::ros_message_type>::value)> rclcpp::Publisher<MessageT, AllocatorT>::[01;32m[Kpublish[m[K(std::unique_ptr<T, typename std::conditional<std::is_same<typename std::allocator_traits<typename std::allocator_traits<_Allocator>::rebind_traits<typename rclcpp::TypeAdapter<MessageT, void, void>::ros_message_type>::allocator_type>::rebind_alloc<typename rclcpp::TypeAdapter<MessageT, void, void>::ros_message_type>, std::allocator<typename rclcpp::TypeAdapter<MessageT>::ros_message_type> >::value, std::default_delete<typename rclcpp::TypeAdapter<MessageT>::ros_message_type>, rclcpp::allocator::AllocatorDeleter<typename std::allocator_traits<_Allocator>::rebind_traits<typename rclcpp::TypeAdapter<MessageT, void, void>::ros_message_type>::allocator_type> >::type>) [35m[K[with MessageT = std_msgs::msg::String_<std::allocator<void> >; AllocatorT = std::allocator<void>][m[K[m[K’
[7.450s]   242 |   [01;36m[Kpublish[m[K(std::unique_ptr<T, ROSMessageTypeDeleter> msg)
[7.450s]       |   [01;36m[K^~~~~~~[m[K
[7.450s] [01m[K/opt/ros/jazzy/include/rclcpp/rclcpp/publisher.hpp:242:3:[m[K [01;36m[Knote: [m[K  template argument deduction/substitution failed:
[7.450s] [01m[K/home/pneumatic8/Documents/ros2_odrive/src/motor_sine/src/sine_pub.cpp:26:34:[m[K [01;36m[Knote: [m[K  mismatched types ‘[01m[Kstd::unique_ptr<T, std::default_delete<std_msgs::msg::String_<std::allocator<void> > > >[m[K’ and ‘[01m[Kconst char*[m[K’
[7.450s]    26 |         [01;36m[Kthis->publisher_->publish(message)[m[K;
[7.450s]       |         [01;36m[K~~~~~~~~~~~~~~~~~~~~~~~~~^~~~~~~~~[m[K
[7.450s] [01m[K/opt/ros/jazzy/include/rclcpp/rclcpp/publisher.hpp:296:3:[m[K [01;36m[Knote: [m[Kcandidate: ‘[01m[Ktemplate<class T> std::enable_if_t<(rosidl_generator_traits::is_message<T>::value && std::is_same<T, typename rclcpp::TypeAdapter<MessageT>::ros_message_type>::value)> rclcpp::Publisher<MessageT, AllocatorT>::[01;32m[Kpublish[m[K(const T&) [35m[K[with MessageT = std_msgs::msg::String_<std::allocator<void> >; AllocatorT = std::allocator<void>][m[K[m[K’
[7.450s]   296 |   [01;36m[Kpublish[m[K(const T & msg)
[7.451s]       |   [01;36m[K^~~~~~~[m[K
[7.451s] [01m[K/opt/ros/jazzy/include/rclcpp/rclcpp/publisher.hpp:296:3:[m[K [01;36m[Knote: [m[K  template argument deduction/substitution failed:
[7.451s] In file included from [01m[K/usr/include/c++/13/ratio:39[m[K,
[7.451s]                  from [01m[K/usr/include/c++/13/bits/chrono.h:37[m[K,
[7.451s]                  from [01m[K/usr/include/c++/13/chrono:41[m[K,
[7.451s]                  from [01m[K/home/pneumatic8/Documents/ros2_odrive/src/motor_sine/src/sine_pub.cpp:1[m[K:
[7.451s] /usr/include/c++/13/type_traits: In substitution of ‘[01m[Ktemplate<bool _Cond, class _Tp> using std::enable_if_t = typename std::enable_if::type [35m[K[with bool _Cond = false; _Tp = void][m[K[m[K’:
[7.451s] [01m[K/opt/ros/jazzy/include/rclcpp/rclcpp/publisher.hpp:296:3:[m[K   required by substitution of ‘[01m[Ktemplate<class T> std::enable_if_t<(rosidl_generator_traits::is_message<T>::value && std::is_same<T, std_msgs::msg::String_<std::allocator<void> > >::value), void> rclcpp::Publisher<std_msgs::msg::String_<std::allocator<void> > >::[01;32m[Kpublish[m[K(const T&) [35m[K[with T = const char*][m[K[m[K’
[7.451s] [01m[K/home/pneumatic8/Documents/ros2_odrive/src/motor_sine/src/sine_pub.cpp:26:34:[m[K   required from here
[7.451s] [01m[K/usr/include/c++/13/type_traits:2610:11:[m[K [01;31m[Kerror: [m[Kno type named ‘[01m[Ktype[m[K’ in ‘[01m[Kstruct std::enable_if<false, void>[m[K’
[7.451s]  2610 |     using [01;31m[Kenable_if_t[m[K = typename enable_if<_Cond, _Tp>::type;
[7.451s]       |           [01;31m[K^~~~~~~~~~~[m[K
[7.452s] [01m[K/opt/ros/jazzy/include/rclcpp/rclcpp/publisher.hpp:326:3:[m[K [01;36m[Knote: [m[Kcandidate: ‘[01m[Ktemplate<class T> std::enable_if_t<(typename rclcpp::TypeAdapter<MessageT>::is_specialized::value && std::is_same<T, typename rclcpp::TypeAdapter<MessageT>::custom_type>::value)> rclcpp::Publisher<MessageT, AllocatorT>::[01;32m[Kpublish[m[K(std::unique_ptr<T, typename std::conditional<std::is_same<typename std::allocator_traits<typename std::allocator_traits<_Allocator>::rebind_traits<typename rclcpp::TypeAdapter<MessageT, void, void>::custom_type>::allocator_type>::rebind_alloc<typename rclcpp::TypeAdapter<MessageT, void, void>::custom_type>, std::allocator<typename rclcpp::TypeAdapter<MessageT>::custom_type> >::value, std::default_delete<typename rclcpp::TypeAdapter<MessageT>::custom_type>, rclcpp::allocator::AllocatorDeleter<typename std::allocator_traits<_Allocator>::rebind_traits<typename rclcpp::TypeAdapter<MessageT, void, void>::custom_type>::allocator_type> >::type>) [35m[K[with MessageT = std_msgs::msg::String_<std::allocator<void> >; AllocatorT = std::allocator<void>][m[K[m[K’
[7.452s]   326 |   [01;36m[Kpublish[m[K(std::unique_ptr<T, PublishedTypeDeleter> msg)
[7.452s]       |   [01;36m[K^~~~~~~[m[K
[7.452s] [01m[K/opt/ros/jazzy/include/rclcpp/rclcpp/publisher.hpp:326:3:[m[K [01;36m[Knote: [m[K  template argument deduction/substitution failed:
[7.452s] [01m[K/home/pneumatic8/Documents/ros2_odrive/src/motor_sine/src/sine_pub.cpp:26:34:[m[K [01;36m[Knote: [m[K  mismatched types ‘[01m[Kstd::unique_ptr<T, std::default_delete<std_msgs::msg::String_<std::allocator<void> > > >[m[K’ and ‘[01m[Kconst char*[m[K’
[7.452s]    26 |         [01;36m[Kthis->publisher_->publish(message)[m[K;
[7.452s]       |         [01;36m[K~~~~~~~~~~~~~~~~~~~~~~~~~^~~~~~~~~[m[K
[7.452s] [01m[K/opt/ros/jazzy/include/rclcpp/rclcpp/publisher.hpp:376:3:[m[K [01;36m[Knote: [m[Kcandidate: ‘[01m[Ktemplate<class T> std::enable_if_t<(typename rclcpp::TypeAdapter<MessageT>::is_specialized::value && std::is_same<T, typename rclcpp::TypeAdapter<MessageT>::custom_type>::value)> rclcpp::Publisher<MessageT, AllocatorT>::[01;32m[Kpublish[m[K(const T&) [35m[K[with MessageT = std_msgs::msg::String_<std::allocator<void> >; AllocatorT = std::allocator<void>][m[K[m[K’
[7.452s]   376 |   [01;36m[Kpublish[m[K(const T & msg)
[7.452s]       |   [01;36m[K^~~~~~~[m[K
[7.452s] [01m[K/opt/ros/jazzy/include/rclcpp/rclcpp/publisher.hpp:376:3:[m[K [01;36m[Knote: [m[K  template argument deduction/substitution failed:
[7.453s] [01m[K/opt/ros/jazzy/include/rclcpp/rclcpp/publisher.hpp:394:3:[m[K [01;36m[Knote: [m[Kcandidate: ‘[01m[Kvoid rclcpp::Publisher<MessageT, AllocatorT>::[01;32m[Kpublish[m[K(const rcl_serialized_message_t&) [35m[K[with MessageT = std_msgs::msg::String_<std::allocator<void> >; AllocatorT = std::allocator<void>; rcl_serialized_message_t = rcutils_uint8_array_s][m[K[m[K’
[7.453s]   394 |   [01;36m[Kpublish[m[K(const rcl_serialized_message_t & serialized_msg)
[7.453s]       |   [01;36m[K^~~~~~~[m[K
[7.453s] [01m[K/opt/ros/jazzy/include/rclcpp/rclcpp/publisher.hpp:394:44:[m[K [01;36m[Knote: [m[K  no known conversion for argument 1 from ‘[01m[Kconst char*[m[K’ to ‘[01m[Kconst rcl_serialized_message_t&[m[K’ {aka ‘[01m[Kconst rcutils_uint8_array_s&[m[K’}
[7.453s]   394 |   publish([01;36m[Kconst rcl_serialized_message_t & serialized_msg[m[K)
[7.453s]       |           [01;36m[K~~~~~~~~~~~~~~~~~~~~~~~~~~~~~~~~~^~~~~~~~~~~~~~[m[K
[7.453s] [01m[K/opt/ros/jazzy/include/rclcpp/rclcpp/publisher.hpp:400:3:[m[K [01;36m[Knote: [m[Kcandidate: ‘[01m[Kvoid rclcpp::Publisher<MessageT, AllocatorT>::[01;32m[Kpublish[m[K(const rclcpp::SerializedMessage&) [35m[K[with MessageT = std_msgs::msg::String_<std::allocator<void> >; AllocatorT = std::allocator<void>][m[K[m[K’
[7.453s]   400 |   [01;36m[Kpublish[m[K(const SerializedMessage & serialized_msg)
[7.453s]       |   [01;36m[K^~~~~~~[m[K
[7.453s] [01m[K/opt/ros/jazzy/include/rclcpp/rclcpp/publisher.hpp:400:37:[m[K [01;36m[Knote: [m[K  no known conversion for argument 1 from ‘[01m[Kconst char*[m[K’ to ‘[01m[Kconst rclcpp::SerializedMessage&[m[K’
[7.454s]   400 |   publish([01;36m[Kconst SerializedMessage & serialized_msg[m[K)
[7.454s]       |           [01;36m[K~~~~~~~~~~~~~~~~~~~~~~~~~~^~~~~~~~~~~~~~[m[K
[7.454s] [01m[K/opt/ros/jazzy/include/rclcpp/rclcpp/publisher.hpp:414:3:[m[K [01;36m[Knote: [m[Kcandidate: ‘[01m[Kvoid rclcpp::Publisher<MessageT, AllocatorT>::[01;32m[Kpublish[m[K(rclcpp::LoanedMessage<typename rclcpp::TypeAdapter<MessageT>::ros_message_type, AllocatorT>&&) [35m[K[with MessageT = std_msgs::msg::String_<std::allocator<void> >; AllocatorT = std::allocator<void>; typename rclcpp::TypeAdapter<MessageT>::ros_message_type = std_msgs::msg::String_<std::allocator<void> >][m[K[m[K’
[7.454s]   414 |   [01;36m[Kpublish[m[K(rclcpp::LoanedMessage<ROSMessageType, AllocatorT> && loaned_msg)
[7.454s]       |   [01;36m[K^~~~~~~[m[K
[7.454s] [01m[K/opt/ros/jazzy/include/rclcpp/rclcpp/publisher.hpp:414:64:[m[K [01;36m[Knote: [m[K  no known conversion for argument 1 from ‘[01m[Kconst char*[m[K’ to ‘[01m[Krclcpp::LoanedMessage<std_msgs::msg::String_<std::allocator<void> >, std::allocator<void> >&&[m[K’
[7.454s]   414 |   publish([01;36m[Krclcpp::LoanedMessage<ROSMessageType, AllocatorT> && loaned_msg[m[K)
[7.454s]       |           [01;36m[K~~~~~~~~~~~~~~~~~~~~~~~~~~~~~~~~~~~~~~~~~~~~~~~~~~~~~^~~~~~~~~~[m[K
[7.466s] [01m[K/home/pneumatic8/Documents/ros2_odrive/src/motor_sine/src/sine_pub.cpp:[m[K In function ‘[01m[Kint[01;32m[K main[m[K(int, char**)[m[K’:
[7.466s] [01m[K/home/pneumatic8/Documents/ros2_odrive/src/motor_sine/src/sine_pub.cpp:40:33:[m[K [01;31m[Kerror: [m[K‘[01m[KMinimalPublisher[m[K’ was not declared in this scope; did you mean ‘[01m[KSinePublisher[m[K’?
[7.466s]    40 |   rclcpp::spin(std::make_shared<[01;31m[KMinimalPublisher[m[K>());
[7.466s]       |                                 [01;31m[K^~~~~~~~~~~~~~~~[m[K
[7.466s]       |                                 [32m[KSinePublisher[m[K
[7.466s] [01m[K/home/pneumatic8/Documents/ros2_odrive/src/motor_sine/src/sine_pub.cpp:40:50:[m[K [01;31m[Kerror: [m[Kno matching function for call to ‘[01m[Kmake_shared<<expression error> >()[m[K’
[7.467s]    40 |   rclcpp::spin([01;31m[Kstd::make_shared<MinimalPublisher>()[m[K);
[7.467s]       |                [01;31m[K~~~~~~~~~~~~~~~~~~~~~~~~~~~~~~~~~~^~[m[K
[7.467s] In file included from [01m[K/usr/include/c++/13/memory:80[m[K,
[7.467s]                  from [01m[K/home/pneumatic8/Documents/ros2_odrive/src/motor_sine/src/sine_pub.cpp:2[m[K:
[7.467s] [01m[K/usr/include/c++/13/bits/shared_ptr.h:1005:5:[m[K [01;36m[Knote: [m[Kcandidate: ‘[01m[Ktemplate<class _Tp, class ... _Args> std::shared_ptr<typename std::enable_if<(! std::is_array< <template-parameter-1-1> >::value), _Tp>::type> std::[01;32m[Kmake_shared[m[K(_Args&& ...)[m[K’
[7.467s]  1005 |     [01;36m[Kmake_shared[m[K(_Args&&... __args)
[7.467s]       |     [01;36m[K^~~~~~~~~~~[m[K
[7.467s] [01m[K/usr/include/c++/13/bits/shared_ptr.h:1005:5:[m[K [01;36m[Knote: [m[K  template argument deduction/substitution failed:
[7.467s] [01m[K/home/pneumatic8/Documents/ros2_odrive/src/motor_sine/src/sine_pub.cpp:40:50:[m[K [01;31m[Kerror: [m[Ktemplate argument 1 is invalid
[7.467s]    40 |   rclcpp::spin([01;31m[Kstd::make_shared<MinimalPublisher>()[m[K);
[7.467s]       |                [01;31m[K~~~~~~~~~~~~~~~~~~~~~~~~~~~~~~~~~~^~[m[K
[8.795s] gmake[2]: *** [CMakeFiles/sine_pub.dir/build.make:76: CMakeFiles/sine_pub.dir/src/sine_pub.cpp.o] Error 1
[8.796s] gmake[1]: *** [CMakeFiles/Makefile2:137: CMakeFiles/sine_pub.dir/all] Error 2
[8.796s] gmake: *** [Makefile:146: all] Error 2
[8.800s] Invoked command in '/home/pneumatic8/Documents/ros2_odrive/build/motor_sine' returned '2': CMAKE_PREFIX_PATH=${CMAKE_PREFIX_PATH}:/opt/ros/jazzy DEBUGINFOD_URLS=https://debuginfod.ubuntu.com /usr/bin/cmake --build /home/pneumatic8/Documents/ros2_odrive/build/motor_sine -- -j4 -l4
