[33mCMake Warning (dev) at /opt/ros/jazzy/share/ament_cmake_cppcheck/cmake/ament_cmake_cppcheck_lint_hook.cmake:17 (file):
  Cyclic recursion detected while globbing for '*.c':

  /home/pneumatic8/Documents/ros2_odrive/src/Ex_hello_world


  /home/pneumatic8/Documents/ros2_odrive/src/Ex_hello_world/_codeql_detected_source_root
Call Stack (most recent call first):
  /opt/ros/jazzy/share/ament_cmake_core/cmake/core/ament_execute_extensions.cmake:48 (include)
  /opt/ros/jazzy/share/ament_lint_auto/cmake/ament_lint_auto_package_hook.cmake:21 (ament_execute_extensions)
  /opt/ros/jazzy/share/ament_cmake_core/cmake/core/ament_execute_extensions.cmake:48 (include)
  /opt/ros/jazzy/share/ament_cmake_core/cmake/core/ament_package.cmake:66 (ament_execute_extensions)
  CMakeLists.txt:29 (ament_package)
This warning is for project developers.  Use -Wno-dev to suppress it.
[0m
[33mCMake Warning (dev) at /opt/ros/jazzy/share/ament_cmake_cppcheck/cmake/ament_cmake_cppcheck_lint_hook.cmake:17 (file):
  Cyclic recursion detected while globbing for '*.cc':

  /home/pneumatic8/Documents/ros2_odrive/src/Ex_hello_world


  /home/pneumatic8/Documents/ros2_odrive/src/Ex_hello_world/_codeql_detected_source_root
Call Stack (most recent call first):
  /opt/ros/jazzy/share/ament_cmake_core/cmake/core/ament_execute_extensions.cmake:48 (include)
  /opt/ros/jazzy/share/ament_lint_auto/cmake/ament_lint_auto_package_hook.cmake:21 (ament_execute_extensions)
  /opt/ros/jazzy/share/ament_cmake_core/cmake/core/ament_execute_extensions.cmake:48 (include)
  /opt/ros/jazzy/share/ament_cmake_core/cmake/core/ament_package.cmake:66 (ament_execute_extensions)
  CMakeLists.txt:29 (ament_package)
This warning is for project developers.  Use -Wno-dev to suppress it.
[0m
[33mCMake Warning (dev) at /opt/ros/jazzy/share/ament_cmake_cppcheck/cmake/ament_cmake_cppcheck_lint_hook.cmake:17 (file):
  Cyclic recursion detected while globbing for '*.cpp':

  /home/pneumatic8/Documents/ros2_odrive/src/Ex_hello_world


  /home/pneumatic8/Documents/ros2_odrive/src/Ex_hello_world/_codeql_detected_source_root
Call Stack (most recent call first):
  /opt/ros/jazzy/share/ament_cmake_core/cmake/core/ament_execute_extensions.cmake:48 (include)
  /opt/ros/jazzy/share/ament_lint_auto/cmake/ament_lint_auto_package_hook.cmake:21 (ament_execute_extensions)
  /opt/ros/jazzy/share/ament_cmake_core/cmake/core/ament_execute_extensions.cmake:48 (include)
  /opt/ros/jazzy/share/ament_cmake_core/cmake/core/ament_package.cmake:66 (ament_execute_extensions)
  CMakeLists.txt:29 (ament_package)
This warning is for project developers.  Use -Wno-dev to suppress it.
[0m
[33mCMake Warning (dev) at /opt/ros/jazzy/share/ament_cmake_cppcheck/cmake/ament_cmake_cppcheck_lint_hook.cmake:17 (file):
  Cyclic recursion detected while globbing for '*.cxx':

  /home/pneumatic8/Documents/ros2_odrive/src/Ex_hello_world


  /home/pneumatic8/Documents/ros2_odrive/src/Ex_hello_world/_codeql_detected_source_root
Call Stack (most recent call first):
  /opt/ros/jazzy/share/ament_cmake_core/cmake/core/ament_execute_extensions.cmake:48 (include)
  /opt/ros/jazzy/share/ament_lint_auto/cmake/ament_lint_auto_package_hook.cmake:21 (ament_execute_extensions)
  /opt/ros/jazzy/share/ament_cmake_core/cmake/core/ament_execute_extensions.cmake:48 (include)
  /opt/ros/jazzy/share/ament_cmake_core/cmake/core/ament_package.cmake:66 (ament_execute_extensions)
  CMakeLists.txt:29 (ament_package)
This warning is for project developers.  Use -Wno-dev to suppress it.
[0m
[33mCMake Warning (dev) at /opt/ros/jazzy/share/ament_cmake_cppcheck/cmake/ament_cmake_cppcheck_lint_hook.cmake:17 (file):
  Cyclic recursion detected while globbing for '*.h':

  /home/pneumatic8/Documents/ros2_odrive/src/Ex_hello_world


  /home/pneumatic8/Documents/ros2_odrive/src/Ex_hello_world/_codeql_detected_source_root
Call Stack (most recent call first):
  /opt/ros/jazzy/share/ament_cmake_core/cmake/core/ament_execute_extensions.cmake:48 (include)
  /opt/ros/jazzy/share/ament_lint_auto/cmake/ament_lint_auto_package_hook.cmake:21 (ament_execute_extensions)
  /opt/ros/jazzy/share/ament_cmake_core/cmake/core/ament_execute_extensions.cmake:48 (include)
  /opt/ros/jazzy/share/ament_cmake_core/cmake/core/ament_package.cmake:66 (ament_execute_extensions)
  CMakeLists.txt:29 (ament_package)
This warning is for project developers.  Use -Wno-dev to suppress it.
[0m
[33mCMake Warning (dev) at /opt/ros/jazzy/share/ament_cmake_cppcheck/cmake/ament_cmake_cppcheck_lint_hook.cmake:17 (file):
  Cyclic recursion detected while globbing for '*.hh':

  /home/pneumatic8/Documents/ros2_odrive/src/Ex_hello_world


  /home/pneumatic8/Documents/ros2_odrive/src/Ex_hello_world/_codeql_detected_source_root
Call Stack (most recent call first):
  /opt/ros/jazzy/share/ament_cmake_core/cmake/core/ament_execute_extensions.cmake:48 (include)
  /opt/ros/jazzy/share/ament_lint_auto/cmake/ament_lint_auto_package_hook.cmake:21 (ament_execute_extensions)
  /opt/ros/jazzy/share/ament_cmake_core/cmake/core/ament_execute_extensions.cmake:48 (include)
  /opt/ros/jazzy/share/ament_cmake_core/cmake/core/ament_package.cmake:66 (ament_execute_extensions)
  CMakeLists.txt:29 (ament_package)
This warning is for project developers.  Use -Wno-dev to suppress it.
[0m
[33mCMake Warning (dev) at /opt/ros/jazzy/share/ament_cmake_cppcheck/cmake/ament_cmake_cppcheck_lint_hook.cmake:17 (file):
  Cyclic recursion detected while globbing for '*.hpp':

  /home/pneumatic8/Documents/ros2_odrive/src/Ex_hello_world


  /home/pneumatic8/Documents/ros2_odrive/src/Ex_hello_world/_codeql_detected_source_root
Call Stack (most recent call first):
  /opt/ros/jazzy/share/ament_cmake_core/cmake/core/ament_execute_extensions.cmake:48 (include)
  /opt/ros/jazzy/share/ament_lint_auto/cmake/ament_lint_auto_package_hook.cmake:21 (ament_execute_extensions)
  /opt/ros/jazzy/share/ament_cmake_core/cmake/core/ament_execute_extensions.cmake:48 (include)
  /opt/ros/jazzy/share/ament_cmake_core/cmake/core/ament_package.cmake:66 (ament_execute_extensions)
  CMakeLists.txt:29 (ament_package)
This warning is for project developers.  Use -Wno-dev to suppress it.
[0m
[33mCMake Warning (dev) at /opt/ros/jazzy/share/ament_cmake_cppcheck/cmake/ament_cmake_cppcheck_lint_hook.cmake:17 (file):
  Cyclic recursion detected while globbing for '*.hxx':

  /home/pneumatic8/Documents/ros2_odrive/src/Ex_hello_world


  /home/pneumatic8/Documents/ros2_odrive/src/Ex_hello_world/_codeql_detected_source_root
Call Stack (most recent call first):
  /opt/ros/jazzy/share/ament_cmake_core/cmake/core/ament_execute_extensions.cmake:48 (include)
  /opt/ros/jazzy/share/ament_lint_auto/cmake/ament_lint_auto_package_hook.cmake:21 (ament_execute_extensions)
  /opt/ros/jazzy/share/ament_cmake_core/cmake/core/ament_execute_extensions.cmake:48 (include)
  /opt/ros/jazzy/share/ament_cmake_core/cmake/core/ament_package.cmake:66 (ament_execute_extensions)
  CMakeLists.txt:29 (ament_package)
This warning is for project developers.  Use -Wno-dev to suppress it.
[0m
[33mCMake Warning (dev) at /opt/ros/jazzy/share/ament_cmake_cpplint/cmake/ament_cmake_cpplint_lint_hook.cmake:15 (file):
  Cyclic recursion detected while globbing for '*.c':

  /home/pneumatic8/Documents/ros2_odrive/src/Ex_hello_world


  /home/pneumatic8/Documents/ros2_odrive/src/Ex_hello_world/_codeql_detected_source_root
Call Stack (most recent call first):
  /opt/ros/jazzy/share/ament_cmake_core/cmake/core/ament_execute_extensions.cmake:48 (include)
  /opt/ros/jazzy/share/ament_lint_auto/cmake/ament_lint_auto_package_hook.cmake:21 (ament_execute_extensions)
  /opt/ros/jazzy/share/ament_cmake_core/cmake/core/ament_execute_extensions.cmake:48 (include)
  /opt/ros/jazzy/share/ament_cmake_core/cmake/core/ament_package.cmake:66 (ament_execute_extensions)
  CMakeLists.txt:29 (ament_package)
This warning is for project developers.  Use -Wno-dev to suppress it.
[0m
[33mCMake Warning (dev) at /opt/ros/jazzy/share/ament_cmake_cpplint/cmake/ament_cmake_cpplint_lint_hook.cmake:15 (file):
  Cyclic recursion detected while globbing for '*.cc':

  /home/pneumatic8/Documents/ros2_odrive/src/Ex_hello_world


  /home/pneumatic8/Documents/ros2_odrive/src/Ex_hello_world/_codeql_detected_source_root
Call Stack (most recent call first):
  /opt/ros/jazzy/share/ament_cmake_core/cmake/core/ament_execute_extensions.cmake:48 (include)
  /opt/ros/jazzy/share/ament_lint_auto/cmake/ament_lint_auto_package_hook.cmake:21 (ament_execute_extensions)
  /opt/ros/jazzy/share/ament_cmake_core/cmake/core/ament_execute_extensions.cmake:48 (include)
  /opt/ros/jazzy/share/ament_cmake_core/cmake/core/ament_package.cmake:66 (ament_execute_extensions)
  CMakeLists.txt:29 (ament_package)
This warning is for project developers.  Use -Wno-dev to suppress it.
[0m
[33mCMake Warning (dev) at /opt/ros/jazzy/share/ament_cmake_cpplint/cmake/ament_cmake_cpplint_lint_hook.cmake:15 (file):
  Cyclic recursion detected while globbing for '*.cpp':

  /home/pneumatic8/Documents/ros2_odrive/src/Ex_hello_world


  /home/pneumatic8/Documents/ros2_odrive/src/Ex_hello_world/_codeql_detected_source_root
Call Stack (most recent call first):
  /opt/ros/jazzy/share/ament_cmake_core/cmake/core/ament_execute_extensions.cmake:48 (include)
  /opt/ros/jazzy/share/ament_lint_auto/cmake/ament_lint_auto_package_hook.cmake:21 (ament_execute_extensions)
  /opt/ros/jazzy/share/ament_cmake_core/cmake/core/ament_execute_extensions.cmake:48 (include)
  /opt/ros/jazzy/share/ament_cmake_core/cmake/core/ament_package.cmake:66 (ament_execute_extensions)
  CMakeLists.txt:29 (ament_package)
This warning is for project developers.  Use -Wno-dev to suppress it.
[0m
[33mCMake Warning (dev) at /opt/ros/jazzy/share/ament_cmake_cpplint/cmake/ament_cmake_cpplint_lint_hook.cmake:15 (file):
  Cyclic recursion detected while globbing for '*.cxx':

  /home/pneumatic8/Documents/ros2_odrive/src/Ex_hello_world


  /home/pneumatic8/Documents/ros2_odrive/src/Ex_hello_world/_codeql_detected_source_root
Call Stack (most recent call first):
  /opt/ros/jazzy/share/ament_cmake_core/cmake/core/ament_execute_extensions.cmake:48 (include)
  /opt/ros/jazzy/share/ament_lint_auto/cmake/ament_lint_auto_package_hook.cmake:21 (ament_execute_extensions)
  /opt/ros/jazzy/share/ament_cmake_core/cmake/core/ament_execute_extensions.cmake:48 (include)
  /opt/ros/jazzy/share/ament_cmake_core/cmake/core/ament_package.cmake:66 (ament_execute_extensions)
  CMakeLists.txt:29 (ament_package)
This warning is for project developers.  Use -Wno-dev to suppress it.
[0m
[33mCMake Warning (dev) at /opt/ros/jazzy/share/ament_cmake_cpplint/cmake/ament_cmake_cpplint_lint_hook.cmake:15 (file):
  Cyclic recursion detected while globbing for '*.h':

  /home/pneumatic8/Documents/ros2_odrive/src/Ex_hello_world


  /home/pneumatic8/Documents/ros2_odrive/src/Ex_hello_world/_codeql_detected_source_root
Call Stack (most recent call first):
  /opt/ros/jazzy/share/ament_cmake_core/cmake/core/ament_execute_extensions.cmake:48 (include)
  /opt/ros/jazzy/share/ament_lint_auto/cmake/ament_lint_auto_package_hook.cmake:21 (ament_execute_extensions)
  /opt/ros/jazzy/share/ament_cmake_core/cmake/core/ament_execute_extensions.cmake:48 (include)
  /opt/ros/jazzy/share/ament_cmake_core/cmake/core/ament_package.cmake:66 (ament_execute_extensions)
  CMakeLists.txt:29 (ament_package)
This warning is for project developers.  Use -Wno-dev to suppress it.
[0m
[33mCMake Warning (dev) at /opt/ros/jazzy/share/ament_cmake_cpplint/cmake/ament_cmake_cpplint_lint_hook.cmake:15 (file):
  Cyclic recursion detected while globbing for '*.hh':

  /home/pneumatic8/Documents/ros2_odrive/src/Ex_hello_world


  /home/pneumatic8/Documents/ros2_odrive/src/Ex_hello_world/_codeql_detected_source_root
Call Stack (most recent call first):
  /opt/ros/jazzy/share/ament_cmake_core/cmake/core/ament_execute_extensions.cmake:48 (include)
  /opt/ros/jazzy/share/ament_lint_auto/cmake/ament_lint_auto_package_hook.cmake:21 (ament_execute_extensions)
  /opt/ros/jazzy/share/ament_cmake_core/cmake/core/ament_execute_extensions.cmake:48 (include)
  /opt/ros/jazzy/share/ament_cmake_core/cmake/core/ament_package.cmake:66 (ament_execute_extensions)
  CMakeLists.txt:29 (ament_package)
This warning is for project developers.  Use -Wno-dev to suppress it.
[0m
[33mCMake Warning (dev) at /opt/ros/jazzy/share/ament_cmake_cpplint/cmake/ament_cmake_cpplint_lint_hook.cmake:15 (file):
  Cyclic recursion detected while globbing for '*.hpp':

  /home/pneumatic8/Documents/ros2_odrive/src/Ex_hello_world


  /home/pneumatic8/Documents/ros2_odrive/src/Ex_hello_world/_codeql_detected_source_root
Call Stack (most recent call first):
  /opt/ros/jazzy/share/ament_cmake_core/cmake/core/ament_execute_extensions.cmake:48 (include)
  /opt/ros/jazzy/share/ament_lint_auto/cmake/ament_lint_auto_package_hook.cmake:21 (ament_execute_extensions)
  /opt/ros/jazzy/share/ament_cmake_core/cmake/core/ament_execute_extensions.cmake:48 (include)
  /opt/ros/jazzy/share/ament_cmake_core/cmake/core/ament_package.cmake:66 (ament_execute_extensions)
  CMakeLists.txt:29 (ament_package)
This warning is for project developers.  Use -Wno-dev to suppress it.
[0m
[33mCMake Warning (dev) at /opt/ros/jazzy/share/ament_cmake_cpplint/cmake/ament_cmake_cpplint_lint_hook.cmake:15 (file):
  Cyclic recursion detected while globbing for '*.hxx':

  /home/pneumatic8/Documents/ros2_odrive/src/Ex_hello_world


  /home/pneumatic8/Documents/ros2_odrive/src/Ex_hello_world/_codeql_detected_source_root
Call Stack (most recent call first):
  /opt/ros/jazzy/share/ament_cmake_core/cmake/core/ament_execute_extensions.cmake:48 (include)
  /opt/ros/jazzy/share/ament_lint_auto/cmake/ament_lint_auto_package_hook.cmake:21 (ament_execute_extensions)
  /opt/ros/jazzy/share/ament_cmake_core/cmake/core/ament_execute_extensions.cmake:48 (include)
  /opt/ros/jazzy/share/ament_cmake_core/cmake/core/ament_package.cmake:66 (ament_execute_extensions)
  CMakeLists.txt:29 (ament_package)
This warning is for project developers.  Use -Wno-dev to suppress it.
[0m
[33mCMake Warning (dev) at /opt/ros/jazzy/share/ament_cmake_flake8/cmake/ament_cmake_flake8_lint_hook.cmake:15 (file):
  Cyclic recursion detected while globbing for '*.py':

  /home/pneumatic8/Documents/ros2_odrive/src/Ex_hello_world


  /home/pneumatic8/Documents/ros2_odrive/src/Ex_hello_world/_codeql_detected_source_root
Call Stack (most recent call first):
  /opt/ros/jazzy/share/ament_cmake_core/cmake/core/ament_execute_extensions.cmake:48 (include)
  /opt/ros/jazzy/share/ament_lint_auto/cmake/ament_lint_auto_package_hook.cmake:21 (ament_execute_extensions)
  /opt/ros/jazzy/share/ament_cmake_core/cmake/core/ament_execute_extensions.cmake:48 (include)
  /opt/ros/jazzy/share/ament_cmake_core/cmake/core/ament_package.cmake:66 (ament_execute_extensions)
  CMakeLists.txt:29 (ament_package)
This warning is for project developers.  Use -Wno-dev to suppress it.
[0m
[33mCMake Warning (dev) at /opt/ros/jazzy/share/ament_cmake_lint_cmake/cmake/ament_cmake_lint_cmake_lint_hook.cmake:15 (file):
  Cyclic recursion detected while globbing for 'CMakeLists.txt':

  /home/pneumatic8/Documents/ros2_odrive/src/Ex_hello_world


  /home/pneumatic8/Documents/ros2_odrive/src/Ex_hello_world/_codeql_detected_source_root
Call Stack (most recent call first):
  /opt/ros/jazzy/share/ament_cmake_core/cmake/core/ament_execute_extensions.cmake:48 (include)
  /opt/ros/jazzy/share/ament_lint_auto/cmake/ament_lint_auto_package_hook.cmake:21 (ament_execute_extensions)
  /opt/ros/jazzy/share/ament_cmake_core/cmake/core/ament_execute_extensions.cmake:48 (include)
  /opt/ros/jazzy/share/ament_cmake_core/cmake/core/ament_package.cmake:66 (ament_execute_extensions)
  CMakeLists.txt:29 (ament_package)
This warning is for project developers.  Use -Wno-dev to suppress it.
[0m
[33mCMake Warning (dev) at /opt/ros/jazzy/share/ament_cmake_lint_cmake/cmake/ament_cmake_lint_cmake_lint_hook.cmake:15 (file):
  Cyclic recursion detected while globbing for '*.cmake':

  /home/pneumatic8/Documents/ros2_odrive/src/Ex_hello_world


  /home/pneumatic8/Documents/ros2_odrive/src/Ex_hello_world/_codeql_detected_source_root
Call Stack (most recent call first):
  /opt/ros/jazzy/share/ament_cmake_core/cmake/core/ament_execute_extensions.cmake:48 (include)
  /opt/ros/jazzy/share/ament_lint_auto/cmake/ament_lint_auto_package_hook.cmake:21 (ament_execute_extensions)
  /opt/ros/jazzy/share/ament_cmake_core/cmake/core/ament_execute_extensions.cmake:48 (include)
  /opt/ros/jazzy/share/ament_cmake_core/cmake/core/ament_package.cmake:66 (ament_execute_extensions)
  CMakeLists.txt:29 (ament_package)
This warning is for project developers.  Use -Wno-dev to suppress it.
[0m
[33mCMake Warning (dev) at /opt/ros/jazzy/share/ament_cmake_pep257/cmake/ament_cmake_pep257_lint_hook.cmake:15 (file):
  Cyclic recursion detected while globbing for '*.py':

  /home/pneumatic8/Documents/ros2_odrive/src/Ex_hello_world


  /home/pneumatic8/Documents/ros2_odrive/src/Ex_hello_world/_codeql_detected_source_root
Call Stack (most recent call first):
  /opt/ros/jazzy/share/ament_cmake_core/cmake/core/ament_execute_extensions.cmake:48 (include)
  /opt/ros/jazzy/share/ament_lint_auto/cmake/ament_lint_auto_package_hook.cmake:21 (ament_execute_extensions)
  /opt/ros/jazzy/share/ament_cmake_core/cmake/core/ament_execute_extensions.cmake:48 (include)
  /opt/ros/jazzy/share/ament_cmake_core/cmake/core/ament_package.cmake:66 (ament_execute_extensions)
  CMakeLists.txt:29 (ament_package)
This warning is for project developers.  Use -Wno-dev to suppress it.
[0m
[33mCMake Warning (dev) at /opt/ros/jazzy/share/ament_cmake_uncrustify/cmake/ament_cmake_uncrustify_lint_hook.cmake:15 (file):
  Cyclic recursion detected while globbing for '*.c':

  /home/pneumatic8/Documents/ros2_odrive/src/Ex_hello_world


  /home/pneumatic8/Documents/ros2_odrive/src/Ex_hello_world/_codeql_detected_source_root
Call Stack (most recent call first):
  /opt/ros/jazzy/share/ament_cmake_core/cmake/core/ament_execute_extensions.cmake:48 (include)
  /opt/ros/jazzy/share/ament_lint_auto/cmake/ament_lint_auto_package_hook.cmake:21 (ament_execute_extensions)
  /opt/ros/jazzy/share/ament_cmake_core/cmake/core/ament_execute_extensions.cmake:48 (include)
  /opt/ros/jazzy/share/ament_cmake_core/cmake/core/ament_package.cmake:66 (ament_execute_extensions)
  CMakeLists.txt:29 (ament_package)
This warning is for project developers.  Use -Wno-dev to suppress it.
[0m
[33mCMake Warning (dev) at /opt/ros/jazzy/share/ament_cmake_uncrustify/cmake/ament_cmake_uncrustify_lint_hook.cmake:15 (file):
  Cyclic recursion detected while globbing for '*.cc':

  /home/pneumatic8/Documents/ros2_odrive/src/Ex_hello_world


  /home/pneumatic8/Documents/ros2_odrive/src/Ex_hello_world/_codeql_detected_source_root
Call Stack (most recent call first):
  /opt/ros/jazzy/share/ament_cmake_core/cmake/core/ament_execute_extensions.cmake:48 (include)
  /opt/ros/jazzy/share/ament_lint_auto/cmake/ament_lint_auto_package_hook.cmake:21 (ament_execute_extensions)
  /opt/ros/jazzy/share/ament_cmake_core/cmake/core/ament_execute_extensions.cmake:48 (include)
  /opt/ros/jazzy/share/ament_cmake_core/cmake/core/ament_package.cmake:66 (ament_execute_extensions)
  CMakeLists.txt:29 (ament_package)
This warning is for project developers.  Use -Wno-dev to suppress it.
[0m
[33mCMake Warning (dev) at /opt/ros/jazzy/share/ament_cmake_uncrustify/cmake/ament_cmake_uncrustify_lint_hook.cmake:15 (file):
  Cyclic recursion detected while globbing for '*.cpp':

  /home/pneumatic8/Documents/ros2_odrive/src/Ex_hello_world


  /home/pneumatic8/Documents/ros2_odrive/src/Ex_hello_world/_codeql_detected_source_root
Call Stack (most recent call first):
  /opt/ros/jazzy/share/ament_cmake_core/cmake/core/ament_execute_extensions.cmake:48 (include)
  /opt/ros/jazzy/share/ament_lint_auto/cmake/ament_lint_auto_package_hook.cmake:21 (ament_execute_extensions)
  /opt/ros/jazzy/share/ament_cmake_core/cmake/core/ament_execute_extensions.cmake:48 (include)
  /opt/ros/jazzy/share/ament_cmake_core/cmake/core/ament_package.cmake:66 (ament_execute_extensions)
  CMakeLists.txt:29 (ament_package)
This warning is for project developers.  Use -Wno-dev to suppress it.
[0m
[33mCMake Warning (dev) at /opt/ros/jazzy/share/ament_cmake_uncrustify/cmake/ament_cmake_uncrustify_lint_hook.cmake:15 (file):
  Cyclic recursion detected while globbing for '*.cxx':

  /home/pneumatic8/Documents/ros2_odrive/src/Ex_hello_world


  /home/pneumatic8/Documents/ros2_odrive/src/Ex_hello_world/_codeql_detected_source_root
Call Stack (most recent call first):
  /opt/ros/jazzy/share/ament_cmake_core/cmake/core/ament_execute_extensions.cmake:48 (include)
  /opt/ros/jazzy/share/ament_lint_auto/cmake/ament_lint_auto_package_hook.cmake:21 (ament_execute_extensions)
  /opt/ros/jazzy/share/ament_cmake_core/cmake/core/ament_execute_extensions.cmake:48 (include)
  /opt/ros/jazzy/share/ament_cmake_core/cmake/core/ament_package.cmake:66 (ament_execute_extensions)
  CMakeLists.txt:29 (ament_package)
This warning is for project developers.  Use -Wno-dev to suppress it.
[0m
[33mCMake Warning (dev) at /opt/ros/jazzy/share/ament_cmake_uncrustify/cmake/ament_cmake_uncrustify_lint_hook.cmake:15 (file):
  Cyclic recursion detected while globbing for '*.h':

  /home/pneumatic8/Documents/ros2_odrive/src/Ex_hello_world


  /home/pneumatic8/Documents/ros2_odrive/src/Ex_hello_world/_codeql_detected_source_root
Call Stack (most recent call first):
  /opt/ros/jazzy/share/ament_cmake_core/cmake/core/ament_execute_extensions.cmake:48 (include)
  /opt/ros/jazzy/share/ament_lint_auto/cmake/ament_lint_auto_package_hook.cmake:21 (ament_execute_extensions)
  /opt/ros/jazzy/share/ament_cmake_core/cmake/core/ament_execute_extensions.cmake:48 (include)
  /opt/ros/jazzy/share/ament_cmake_core/cmake/core/ament_package.cmake:66 (ament_execute_extensions)
  CMakeLists.txt:29 (ament_package)
This warning is for project developers.  Use -Wno-dev to suppress it.
[0m
[33mCMake Warning (dev) at /opt/ros/jazzy/share/ament_cmake_uncrustify/cmake/ament_cmake_uncrustify_lint_hook.cmake:15 (file):
  Cyclic recursion detected while globbing for '*.hh':

  /home/pneumatic8/Documents/ros2_odrive/src/Ex_hello_world


  /home/pneumatic8/Documents/ros2_odrive/src/Ex_hello_world/_codeql_detected_source_root
Call Stack (most recent call first):
  /opt/ros/jazzy/share/ament_cmake_core/cmake/core/ament_execute_extensions.cmake:48 (include)
  /opt/ros/jazzy/share/ament_lint_auto/cmake/ament_lint_auto_package_hook.cmake:21 (ament_execute_extensions)
  /opt/ros/jazzy/share/ament_cmake_core/cmake/core/ament_execute_extensions.cmake:48 (include)
  /opt/ros/jazzy/share/ament_cmake_core/cmake/core/ament_package.cmake:66 (ament_execute_extensions)
  CMakeLists.txt:29 (ament_package)
This warning is for project developers.  Use -Wno-dev to suppress it.
[0m
[33mCMake Warning (dev) at /opt/ros/jazzy/share/ament_cmake_uncrustify/cmake/ament_cmake_uncrustify_lint_hook.cmake:15 (file):
  Cyclic recursion detected while globbing for '*.hpp':

  /home/pneumatic8/Documents/ros2_odrive/src/Ex_hello_world


  /home/pneumatic8/Documents/ros2_odrive/src/Ex_hello_world/_codeql_detected_source_root
Call Stack (most recent call first):
  /opt/ros/jazzy/share/ament_cmake_core/cmake/core/ament_execute_extensions.cmake:48 (include)
  /opt/ros/jazzy/share/ament_lint_auto/cmake/ament_lint_auto_package_hook.cmake:21 (ament_execute_extensions)
  /opt/ros/jazzy/share/ament_cmake_core/cmake/core/ament_execute_extensions.cmake:48 (include)
  /opt/ros/jazzy/share/ament_cmake_core/cmake/core/ament_package.cmake:66 (ament_execute_extensions)
  CMakeLists.txt:29 (ament_package)
This warning is for project developers.  Use -Wno-dev to suppress it.
[0m
[33mCMake Warning (dev) at /opt/ros/jazzy/share/ament_cmake_uncrustify/cmake/ament_cmake_uncrustify_lint_hook.cmake:15 (file):
  Cyclic recursion detected while globbing for '*.hxx':

  /home/pneumatic8/Documents/ros2_odrive/src/Ex_hello_world


  /home/pneumatic8/Documents/ros2_odrive/src/Ex_hello_world/_codeql_detected_source_root
Call Stack (most recent call first):
  /opt/ros/jazzy/share/ament_cmake_core/cmake/core/ament_execute_extensions.cmake:48 (include)
  /opt/ros/jazzy/share/ament_lint_auto/cmake/ament_lint_auto_package_hook.cmake:21 (ament_execute_extensions)
  /opt/ros/jazzy/share/ament_cmake_core/cmake/core/ament_execute_extensions.cmake:48 (include)
  /opt/ros/jazzy/share/ament_cmake_core/cmake/core/ament_package.cmake:66 (ament_execute_extensions)
  CMakeLists.txt:29 (ament_package)
This warning is for project developers.  Use -Wno-dev to suppress it.
[0m
[33mCMake Warning (dev) at /opt/ros/jazzy/share/ament_cmake_xmllint/cmake/ament_cmake_xmllint_lint_hook.cmake:15 (file):
  Cyclic recursion detected while globbing for '*.xml':

  /home/pneumatic8/Documents/ros2_odrive/src/Ex_hello_world


  /home/pneumatic8/Documents/ros2_odrive/src/Ex_hello_world/_codeql_detected_source_root
Call Stack (most recent call first):
  /opt/ros/jazzy/share/ament_cmake_core/cmake/core/ament_execute_extensions.cmake:48 (include)
  /opt/ros/jazzy/share/ament_lint_auto/cmake/ament_lint_auto_package_hook.cmake:21 (ament_execute_extensions)
  /opt/ros/jazzy/share/ament_cmake_core/cmake/core/ament_execute_extensions.cmake:48 (include)
  /opt/ros/jazzy/share/ament_cmake_core/cmake/core/ament_package.cmake:66 (ament_execute_extensions)
  CMakeLists.txt:29 (ament_package)
This warning is for project developers.  Use -Wno-dev to suppress it.
[0m
