[0.032s] Invoking command in '/home/pneumatic8/Documents/ros2_odrive/build/motor_sine': AMENT_PREFIX_PATH=/home/pneumatic8/Documents/ros2_odrive/install/odrive_can:${AMENT_PREFIX_PATH} CMAKE_PREFIX_PATH=/home/pneumatic8/Documents/ros2_odrive/install/odrive_can:/opt/ros/jazzy/opt/sdformat_vendor:/opt/ros/jazzy/opt/gz_math_vendor:/opt/ros/jazzy/opt/gz_utils_vendor:/opt/ros/jazzy/opt/gz_tools_vendor:/opt/ros/jazzy/opt/gz_cmake_vendor:/opt/ros/jazzy DEBUGINFOD_URLS=https://debuginfod.ubuntu.com LD_LIBRARY_PATH=/home/pneumatic8/Documents/ros2_odrive/install/odrive_can/lib:${LD_LIBRARY_PATH} PYTHONPATH=/home/pneumatic8/Documents/ros2_odrive/install/odrive_can/lib/python3.12/site-packages:${PYTHONPATH} /usr/bin/cmake --build /home/pneumatic8/Documents/ros2_odrive/build/motor_sine -- -j4 -l4
[0.164s] [ 50%] [32mBuilding CXX object CMakeFiles/sine_pub.dir/src/sine_pub.cpp.o[0m
[7.571s] [100%] [32m[1mLinking CXX executable sine_pub[0m
[7.959s] [100%] Built target sine_pub
[7.982s] Invoked command in '/home/pneumatic8/Documents/ros2_odrive/build/motor_sine' returned '0': AMENT_PREFIX_PATH=/home/pneumatic8/Documents/ros2_odrive/install/odrive_can:${AMENT_PREFIX_PATH} CMAKE_PREFIX_PATH=/home/pneumatic8/Documents/ros2_odrive/install/odrive_can:/opt/ros/jazzy/opt/sdformat_vendor:/opt/ros/jazzy/opt/gz_math_vendor:/opt/ros/jazzy/opt/gz_utils_vendor:/opt/ros/jazzy/opt/gz_tools_vendor:/opt/ros/jazzy/opt/gz_cmake_vendor:/opt/ros/jazzy DEBUGINFOD_URLS=https://debuginfod.ubuntu.com LD_LIBRARY_PATH=/home/pneumatic8/Documents/ros2_odrive/install/odrive_can/lib:${LD_LIBRARY_PATH} PYTHONPATH=/home/pneumatic8/Documents/ros2_odrive/install/odrive_can/lib/python3.12/site-packages:${PYTHONPATH} /usr/bin/cmake --build /home/pneumatic8/Documents/ros2_odrive/build/motor_sine -- -j4 -l4
[8.001s] Invoking command in '/home/pneumatic8/Documents/ros2_odrive/build/motor_sine': AMENT_PREFIX_PATH=/home/pneumatic8/Documents/ros2_odrive/install/odrive_can:${AMENT_PREFIX_PATH} CMAKE_PREFIX_PATH=/home/pneumatic8/Documents/ros2_odrive/install/odrive_can:/opt/ros/jazzy/opt/sdformat_vendor:/opt/ros/jazzy/opt/gz_math_vendor:/opt/ros/jazzy/opt/gz_utils_vendor:/opt/ros/jazzy/opt/gz_tools_vendor:/opt/ros/jazzy/opt/gz_cmake_vendor:/opt/ros/jazzy DEBUGINFOD_URLS=https://debuginfod.ubuntu.com LD_LIBRARY_PATH=/home/pneumatic8/Documents/ros2_odrive/install/odrive_can/lib:${LD_LIBRARY_PATH} PYTHONPATH=/home/pneumatic8/Documents/ros2_odrive/install/odrive_can/lib/python3.12/site-packages:${PYTHONPATH} /usr/bin/cmake --install /home/pneumatic8/Documents/ros2_odrive/build/motor_sine
[8.015s] -- Install configuration: ""
[8.015s] -- Installing: /home/pneumatic8/Documents/ros2_odrive/install/motor_sine/lib/motor_sine/sine_pub
[8.019s] -- Set non-toolchain portion of runtime path of "/home/pneumatic8/Documents/ros2_odrive/install/motor_sine/lib/motor_sine/sine_pub" to ""
[8.019s] -- Up-to-date: /home/pneumatic8/Documents/ros2_odrive/install/motor_sine/share/ament_index/resource_index/package_run_dependencies/motor_sine
[8.020s] -- Up-to-date: /home/pneumatic8/Documents/ros2_odrive/install/motor_sine/share/ament_index/resource_index/parent_prefix_path/motor_sine
[8.020s] -- Up-to-date: /home/pneumatic8/Documents/ros2_odrive/install/motor_sine/share/motor_sine/environment/ament_prefix_path.sh
[8.020s] -- Up-to-date: /home/pneumatic8/Documents/ros2_odrive/install/motor_sine/share/motor_sine/environment/ament_prefix_path.dsv
[8.020s] -- Up-to-date: /home/pneumatic8/Documents/ros2_odrive/install/motor_sine/share/motor_sine/environment/path.sh
[8.020s] -- Up-to-date: /home/pneumatic8/Documents/ros2_odrive/install/motor_sine/share/motor_sine/environment/path.dsv
[8.020s] -- Up-to-date: /home/pneumatic8/Documents/ros2_odrive/install/motor_sine/share/motor_sine/local_setup.bash
[8.020s] -- Up-to-date: /home/pneumatic8/Documents/ros2_odrive/install/motor_sine/share/motor_sine/local_setup.sh
[8.020s] -- Up-to-date: /home/pneumatic8/Documents/ros2_odrive/install/motor_sine/share/motor_sine/local_setup.zsh
[8.020s] -- Up-to-date: /home/pneumatic8/Documents/ros2_odrive/install/motor_sine/share/motor_sine/local_setup.dsv
[8.021s] -- Installing: /home/pneumatic8/Documents/ros2_odrive/install/motor_sine/share/motor_sine/package.dsv
[8.021s] -- Up-to-date: /home/pneumatic8/Documents/ros2_odrive/install/motor_sine/share/ament_index/resource_index/packages/motor_sine
[8.021s] -- Up-to-date: /home/pneumatic8/Documents/ros2_odrive/install/motor_sine/share/motor_sine/cmake/motor_sineConfig.cmake
[8.021s] -- Up-to-date: /home/pneumatic8/Documents/ros2_odrive/install/motor_sine/share/motor_sine/cmake/motor_sineConfig-version.cmake
[8.021s] -- Up-to-date: /home/pneumatic8/Documents/ros2_odrive/install/motor_sine/share/motor_sine/package.xml
[8.024s] Invoked command in '/home/pneumatic8/Documents/ros2_odrive/build/motor_sine' returned '0': AMENT_PREFIX_PATH=/home/pneumatic8/Documents/ros2_odrive/install/odrive_can:${AMENT_PREFIX_PATH} CMAKE_PREFIX_PATH=/home/pneumatic8/Documents/ros2_odrive/install/odrive_can:/opt/ros/jazzy/opt/sdformat_vendor:/opt/ros/jazzy/opt/gz_math_vendor:/opt/ros/jazzy/opt/gz_utils_vendor:/opt/ros/jazzy/opt/gz_tools_vendor:/opt/ros/jazzy/opt/gz_cmake_vendor:/opt/ros/jazzy DEBUGINFOD_URLS=https://debuginfod.ubuntu.com LD_LIBRARY_PATH=/home/pneumatic8/Documents/ros2_odrive/install/odrive_can/lib:${LD_LIBRARY_PATH} PYTHONPATH=/home/pneumatic8/Documents/ros2_odrive/install/odrive_can/lib/python3.12/site-packages:${PYTHONPATH} /usr/bin/cmake --install /home/pneumatic8/Documents/ros2_odrive/build/motor_sine
