[0.021s] Invoking command in '/home/pneumatic8/Documents/ros2_odrive/build/motor_sine': CMAKE_PREFIX_PATH=${CMAKE_PREFIX_PATH}:/opt/ros/jazzy DEBUGINFOD_URLS=https://debuginfod.ubuntu.com /usr/bin/cmake --build /home/pneumatic8/Documents/ros2_odrive/build/motor_sine -- -j4 -l4
[0.155s] [ 50%] [32mBuilding CXX object CMakeFiles/sine_pub.dir/src/sine_pub.cpp.o[0m
[7.541s] [100%] [32m[1mLinking CXX executable sine_pub[0m
[8.007s] [100%] Built target sine_pub
[8.028s] Invoked command in '/home/pneumatic8/Documents/ros2_odrive/build/motor_sine' returned '0': CMAKE_PREFIX_PATH=${CMAKE_PREFIX_PATH}:/opt/ros/jazzy DEBUGINFOD_URLS=https://debuginfod.ubuntu.com /usr/bin/cmake --build /home/pneumatic8/Documents/ros2_odrive/build/motor_sine -- -j4 -l4
[8.058s] Invoking command in '/home/pneumatic8/Documents/ros2_odrive/build/motor_sine': CMAKE_PREFIX_PATH=${CMAKE_PREFIX_PATH}:/opt/ros/jazzy DEBUGINFOD_URLS=https://debuginfod.ubuntu.com /usr/bin/cmake --install /home/pneumatic8/Documents/ros2_odrive/build/motor_sine
[8.070s] -- Install configuration: ""
[8.070s] -- Installing: /home/pneumatic8/Documents/ros2_odrive/install/motor_sine/lib/motor_sine/sine_pub
[8.073s] -- Set non-toolchain portion of runtime path of "/home/pneumatic8/Documents/ros2_odrive/install/motor_sine/lib/motor_sine/sine_pub" to ""
[8.073s] -- Installing: /home/pneumatic8/Documents/ros2_odrive/install/motor_sine/share/ament_index/resource_index/package_run_dependencies/motor_sine
[8.073s] -- Installing: /home/pneumatic8/Documents/ros2_odrive/install/motor_sine/share/ament_index/resource_index/parent_prefix_path/motor_sine
[8.074s] -- Installing: /home/pneumatic8/Documents/ros2_odrive/install/motor_sine/share/motor_sine/environment/ament_prefix_path.sh
[8.074s] -- Installing: /home/pneumatic8/Documents/ros2_odrive/install/motor_sine/share/motor_sine/environment/ament_prefix_path.dsv
[8.074s] -- Installing: /home/pneumatic8/Documents/ros2_odrive/install/motor_sine/share/motor_sine/environment/path.sh
[8.074s] -- Installing: /home/pneumatic8/Documents/ros2_odrive/install/motor_sine/share/motor_sine/environment/path.dsv
[8.074s] -- Installing: /home/pneumatic8/Documents/ros2_odrive/install/motor_sine/share/motor_sine/local_setup.bash
[8.074s] -- Installing: /home/pneumatic8/Documents/ros2_odrive/install/motor_sine/share/motor_sine/local_setup.sh
[8.075s] -- Installing: /home/pneumatic8/Documents/ros2_odrive/install/motor_sine/share/motor_sine/local_setup.zsh
[8.075s] -- Installing: /home/pneumatic8/Documents/ros2_odrive/install/motor_sine/share/motor_sine/local_setup.dsv
[8.075s] -- Installing: /home/pneumatic8/Documents/ros2_odrive/install/motor_sine/share/motor_sine/package.dsv
[8.075s] -- Installing: /home/pneumatic8/Documents/ros2_odrive/install/motor_sine/share/ament_index/resource_index/packages/motor_sine
[8.076s] -- Installing: /home/pneumatic8/Documents/ros2_odrive/install/motor_sine/share/motor_sine/cmake/motor_sineConfig.cmake
[8.076s] -- Installing: /home/pneumatic8/Documents/ros2_odrive/install/motor_sine/share/motor_sine/cmake/motor_sineConfig-version.cmake
[8.076s] -- Installing: /home/pneumatic8/Documents/ros2_odrive/install/motor_sine/share/motor_sine/package.xml
[8.084s] Invoked command in '/home/pneumatic8/Documents/ros2_odrive/build/motor_sine' returned '0': CMAKE_PREFIX_PATH=${CMAKE_PREFIX_PATH}:/opt/ros/jazzy DEBUGINFOD_URLS=https://debuginfod.ubuntu.com /usr/bin/cmake --install /home/pneumatic8/Documents/ros2_odrive/build/motor_sine
